{"C:\\Users\\Gintautas\\Desktop\\Bakis\\frontend\\src\\API.js": {"path":"C:\\Users\\Gintautas\\Desktop\\Bakis\\frontend\\src\\API.js","statementMap":{"0":{"start":{"line":9,"column":15},"end":{"line":9,"column":51}},"1":{"start":{"line":11,"column":22},"end":{"line":17,"column":1}},"2":{"start":{"line":12,"column":16},"end":{"line":15,"column":4}},"3":{"start":{"line":16,"column":2},"end":{"line":16,"column":20}},"4":{"start":{"line":19,"column":31},"end":{"line":25,"column":1}},"5":{"start":{"line":20,"column":25},"end":{"line":23,"column":4}},"6":{"start":{"line":24,"column":2},"end":{"line":24,"column":29}},"7":{"start":{"line":27,"column":26},"end":{"line":30,"column":1}},"8":{"start":{"line":28,"column":25},"end":{"line":28,"column":72}},"9":{"start":{"line":29,"column":2},"end":{"line":29,"column":29}},"10":{"start":{"line":32,"column":18},"end":{"line":45,"column":1}},"11":{"start":{"line":33,"column":14},"end":{"line":43,"column":3}},"12":{"start":{"line":35,"column":18},"end":{"line":40,"column":8}},"13":{"start":{"line":41,"column":6},"end":{"line":41,"column":25}},"14":{"start":{"line":44,"column":2},"end":{"line":44,"column":13}},"15":{"start":{"line":47,"column":26},"end":{"line":64,"column":1}},"16":{"start":{"line":48,"column":20},"end":{"line":48,"column":42}},"17":{"start":{"line":48,"column":37},"end":{"line":48,"column":41}},"18":{"start":{"line":49,"column":14},"end":{"line":53,"column":4}},"19":{"start":{"line":54,"column":13},"end":{"line":54,"column":24}},"20":{"start":{"line":55,"column":2},"end":{"line":62,"column":4}},"21":{"start":{"line":63,"column":2},"end":{"line":63,"column":11}},"22":{"start":{"line":66,"column":31},"end":{"line":80,"column":1}},"23":{"start":{"line":73,"column":14},"end":{"line":77,"column":4}},"24":{"start":{"line":78,"column":2},"end":{"line":78,"column":25}},"25":{"start":{"line":79,"column":2},"end":{"line":79,"column":42}},"26":{"start":{"line":82,"column":29},"end":{"line":85,"column":1}},"27":{"start":{"line":83,"column":2},"end":{"line":83,"column":58}},"28":{"start":{"line":84,"column":2},"end":{"line":84,"column":38}},"29":{"start":{"line":87,"column":21},"end":{"line":111,"column":1}},"30":{"start":{"line":94,"column":14},"end":{"line":99,"column":4}},"31":{"start":{"line":100,"column":13},"end":{"line":100,"column":24}},"32":{"start":{"line":101,"column":2},"end":{"line":109,"column":4}},"33":{"start":{"line":110,"column":2},"end":{"line":110,"column":11}},"34":{"start":{"line":113,"column":22},"end":{"line":136,"column":1}},"35":{"start":{"line":121,"column":2},"end":{"line":126,"column":5}},"36":{"start":{"line":127,"column":2},"end":{"line":135,"column":4}},"37":{"start":{"line":138,"column":24},"end":{"line":146,"column":1}},"38":{"start":{"line":139,"column":14},"end":{"line":139,"column":55}},"39":{"start":{"line":140,"column":2},"end":{"line":145,"column":3}},"40":{"start":{"line":141,"column":4},"end":{"line":141,"column":30}},"41":{"start":{"line":142,"column":4},"end":{"line":142,"column":16}},"42":{"start":{"line":143,"column":9},"end":{"line":145,"column":3}},"43":{"start":{"line":144,"column":4},"end":{"line":144,"column":20}},"44":{"start":{"line":148,"column":24},"end":{"line":151,"column":1}},"45":{"start":{"line":149,"column":14},"end":{"line":149,"column":52}},"46":{"start":{"line":150,"column":2},"end":{"line":150,"column":17}}},"fnMap":{"0":{"name":"(anonymous_0)","decl":{"start":{"line":11,"column":22},"end":{"line":11,"column":23}},"loc":{"start":{"line":11,"column":34},"end":{"line":17,"column":1}},"line":11},"1":{"name":"(anonymous_1)","decl":{"start":{"line":19,"column":31},"end":{"line":19,"column":32}},"loc":{"start":{"line":19,"column":43},"end":{"line":25,"column":1}},"line":19},"2":{"name":"(anonymous_2)","decl":{"start":{"line":27,"column":26},"end":{"line":27,"column":27}},"loc":{"start":{"line":27,"column":40},"end":{"line":30,"column":1}},"line":27},"3":{"name":"(anonymous_3)","decl":{"start":{"line":32,"column":18},"end":{"line":32,"column":19}},"loc":{"start":{"line":32,"column":35},"end":{"line":45,"column":1}},"line":32},"4":{"name":"(anonymous_4)","decl":{"start":{"line":34,"column":14},"end":{"line":34,"column":15}},"loc":{"start":{"line":34,"column":30},"end":{"line":42,"column":5}},"line":34},"5":{"name":"(anonymous_5)","decl":{"start":{"line":47,"column":26},"end":{"line":47,"column":27}},"loc":{"start":{"line":47,"column":76},"end":{"line":64,"column":1}},"line":47},"6":{"name":"(anonymous_6)","decl":{"start":{"line":48,"column":30},"end":{"line":48,"column":31}},"loc":{"start":{"line":48,"column":37},"end":{"line":48,"column":41}},"line":48},"7":{"name":"(anonymous_7)","decl":{"start":{"line":66,"column":31},"end":{"line":66,"column":32}},"loc":{"start":{"line":72,"column":5},"end":{"line":80,"column":1}},"line":72},"8":{"name":"(anonymous_8)","decl":{"start":{"line":82,"column":29},"end":{"line":82,"column":30}},"loc":{"start":{"line":82,"column":53},"end":{"line":85,"column":1}},"line":82},"9":{"name":"(anonymous_9)","decl":{"start":{"line":87,"column":21},"end":{"line":87,"column":22}},"loc":{"start":{"line":93,"column":5},"end":{"line":111,"column":1}},"line":93},"10":{"name":"(anonymous_10)","decl":{"start":{"line":113,"column":22},"end":{"line":113,"column":23}},"loc":{"start":{"line":120,"column":5},"end":{"line":136,"column":1}},"line":120},"11":{"name":"(anonymous_11)","decl":{"start":{"line":138,"column":24},"end":{"line":138,"column":25}},"loc":{"start":{"line":138,"column":48},"end":{"line":146,"column":1}},"line":138},"12":{"name":"(anonymous_12)","decl":{"start":{"line":148,"column":24},"end":{"line":148,"column":25}},"loc":{"start":{"line":148,"column":38},"end":{"line":151,"column":1}},"line":148}},"branchMap":{"0":{"loc":{"start":{"line":140,"column":2},"end":{"line":145,"column":3}},"type":"if","locations":[{"start":{"line":140,"column":2},"end":{"line":145,"column":3}},{"start":{"line":143,"column":9},"end":{"line":145,"column":3}}],"line":140},"1":{"loc":{"start":{"line":143,"column":9},"end":{"line":145,"column":3}},"type":"if","locations":[{"start":{"line":143,"column":9},"end":{"line":145,"column":3}},{"start":{},"end":{}}],"line":143}},"s":{"0":4,"1":4,"2":8,"3":1,"4":4,"5":1,"6":1,"7":4,"8":2,"9":2,"10":4,"11":2,"12":4,"13":4,"14":2,"15":4,"16":2,"17":5,"18":2,"19":1,"20":1,"21":1,"22":4,"23":1,"24":1,"25":1,"26":4,"27":2,"28":1,"29":4,"30":2,"31":1,"32":1,"33":1,"34":4,"35":1,"36":1,"37":4,"38":9,"39":7,"40":5,"41":5,"42":2,"43":2,"44":4,"45":11,"46":11},"f":{"0":8,"1":1,"2":2,"3":2,"4":4,"5":2,"6":5,"7":1,"8":2,"9":2,"10":1,"11":9,"12":11},"b":{"0":[5,2],"1":[2,0]},"_coverageSchema":"1a1c01bbd47fc00a2c39e90264f33305004495a9","hash":"857ce5eaa18e63e23942f240f1e15383c041b58a"}
,"C:\\Users\\Gintautas\\Desktop\\Bakis\\frontend\\src\\App.js": {"path":"C:\\Users\\Gintautas\\Desktop\\Bakis\\frontend\\src\\App.js","statementMap":{"0":{"start":{"line":14,"column":20},"end":{"line":18,"column":1}},"1":{"start":{"line":15,"column":2},"end":{"line":15,"column":46}},"2":{"start":{"line":16,"column":2},"end":{"line":16,"column":64}},"3":{"start":{"line":17,"column":2},"end":{"line":17,"column":39}},"4":{"start":{"line":21,"column":19},"end":{"line":21,"column":32}},"5":{"start":{"line":22,"column":20},"end":{"line":22,"column":61}},"6":{"start":{"line":22,"column":43},"end":{"line":22,"column":60}},"7":{"start":{"line":23,"column":2},"end":{"line":25,"column":28}},"8":{"start":{"line":24,"column":4},"end":{"line":24,"column":36}},"9":{"start":{"line":26,"column":2},"end":{"line":36,"column":4}}},"fnMap":{"0":{"name":"(anonymous_0)","decl":{"start":{"line":14,"column":20},"end":{"line":14,"column":21}},"loc":{"start":{"line":14,"column":51},"end":{"line":18,"column":1}},"line":14},"1":{"name":"App","decl":{"start":{"line":20,"column":9},"end":{"line":20,"column":12}},"loc":{"start":{"line":20,"column":15},"end":{"line":37,"column":1}},"line":20},"2":{"name":"(anonymous_2)","decl":{"start":{"line":22,"column":32},"end":{"line":22,"column":33}},"loc":{"start":{"line":22,"column":43},"end":{"line":22,"column":60}},"line":22},"3":{"name":"(anonymous_3)","decl":{"start":{"line":23,"column":12},"end":{"line":23,"column":13}},"loc":{"start":{"line":23,"column":18},"end":{"line":25,"column":3}},"line":23}},"branchMap":{},"s":{"0":3,"1":7,"2":0,"3":0,"4":8,"5":7,"6":7,"7":7,"8":7,"9":7},"f":{"0":7,"1":8,"2":7,"3":7},"b":{},"_coverageSchema":"1a1c01bbd47fc00a2c39e90264f33305004495a9","hash":"fa8a7f118d1b73222bc7a6c18178f2c59c6cada2"}
,"C:\\Users\\Gintautas\\Desktop\\Bakis\\frontend\\src\\Menu.js": {"path":"C:\\Users\\Gintautas\\Desktop\\Bakis\\frontend\\src\\Menu.js","statementMap":{"0":{"start":{"line":19,"column":20},"end":{"line":19,"column":61}},"1":{"start":{"line":19,"column":43},"end":{"line":19,"column":60}},"2":{"start":{"line":21,"column":22},"end":{"line":21,"column":65}},"3":{"start":{"line":21,"column":45},"end":{"line":21,"column":64}},"4":{"start":{"line":22,"column":14},"end":{"line":22,"column":49}},"5":{"start":{"line":22,"column":37},"end":{"line":22,"column":48}},"6":{"start":{"line":23,"column":14},"end":{"line":23,"column":49}},"7":{"start":{"line":23,"column":37},"end":{"line":23,"column":48}},"8":{"start":{"line":24,"column":16},"end":{"line":24,"column":53}},"9":{"start":{"line":24,"column":39},"end":{"line":24,"column":52}},"10":{"start":{"line":25,"column":18},"end":{"line":25,"column":57}},"11":{"start":{"line":25,"column":41},"end":{"line":25,"column":56}},"12":{"start":{"line":27,"column":19},"end":{"line":27,"column":32}},"13":{"start":{"line":28,"column":26},"end":{"line":30,"column":3}},"14":{"start":{"line":29,"column":4},"end":{"line":29,"column":29}},"15":{"start":{"line":32,"column":29},"end":{"line":34,"column":3}},"16":{"start":{"line":33,"column":4},"end":{"line":33,"column":47}},"17":{"start":{"line":35,"column":30},"end":{"line":37,"column":3}},"18":{"start":{"line":36,"column":4},"end":{"line":36,"column":55}},"19":{"start":{"line":38,"column":27},"end":{"line":40,"column":3}},"20":{"start":{"line":39,"column":4},"end":{"line":39,"column":51}},"21":{"start":{"line":41,"column":28},"end":{"line":43,"column":3}},"22":{"start":{"line":42,"column":4},"end":{"line":42,"column":52}},"23":{"start":{"line":45,"column":23},"end":{"line":45,"column":69}},"24":{"start":{"line":45,"column":46},"end":{"line":45,"column":68}},"25":{"start":{"line":46,"column":31},"end":{"line":48,"column":3}},"26":{"start":{"line":47,"column":15},"end":{"line":47,"column":45}},"27":{"start":{"line":49,"column":27},"end":{"line":49,"column":77}},"28":{"start":{"line":49,"column":50},"end":{"line":49,"column":76}},"29":{"start":{"line":50,"column":28},"end":{"line":50,"column":79}},"30":{"start":{"line":50,"column":51},"end":{"line":50,"column":78}},"31":{"start":{"line":52,"column":23},"end":{"line":54,"column":3}},"32":{"start":{"line":53,"column":4},"end":{"line":53,"column":40}},"33":{"start":{"line":56,"column":24},"end":{"line":58,"column":3}},"34":{"start":{"line":57,"column":4},"end":{"line":57,"column":42}},"35":{"start":{"line":60,"column":23},"end":{"line":62,"column":3}},"36":{"start":{"line":61,"column":4},"end":{"line":61,"column":43}},"37":{"start":{"line":64,"column":2},"end":{"line":207,"column":4}}},"fnMap":{"0":{"name":"Menu","decl":{"start":{"line":18,"column":9},"end":{"line":18,"column":13}},"loc":{"start":{"line":18,"column":16},"end":{"line":208,"column":1}},"line":18},"1":{"name":"(anonymous_1)","decl":{"start":{"line":19,"column":32},"end":{"line":19,"column":33}},"loc":{"start":{"line":19,"column":43},"end":{"line":19,"column":60}},"line":19},"2":{"name":"(anonymous_2)","decl":{"start":{"line":21,"column":34},"end":{"line":21,"column":35}},"loc":{"start":{"line":21,"column":45},"end":{"line":21,"column":64}},"line":21},"3":{"name":"(anonymous_3)","decl":{"start":{"line":22,"column":26},"end":{"line":22,"column":27}},"loc":{"start":{"line":22,"column":37},"end":{"line":22,"column":48}},"line":22},"4":{"name":"(anonymous_4)","decl":{"start":{"line":23,"column":26},"end":{"line":23,"column":27}},"loc":{"start":{"line":23,"column":37},"end":{"line":23,"column":48}},"line":23},"5":{"name":"(anonymous_5)","decl":{"start":{"line":24,"column":28},"end":{"line":24,"column":29}},"loc":{"start":{"line":24,"column":39},"end":{"line":24,"column":52}},"line":24},"6":{"name":"(anonymous_6)","decl":{"start":{"line":25,"column":30},"end":{"line":25,"column":31}},"loc":{"start":{"line":25,"column":41},"end":{"line":25,"column":56}},"line":25},"7":{"name":"(anonymous_7)","decl":{"start":{"line":28,"column":26},"end":{"line":28,"column":27}},"loc":{"start":{"line":28,"column":39},"end":{"line":30,"column":3}},"line":28},"8":{"name":"(anonymous_8)","decl":{"start":{"line":32,"column":29},"end":{"line":32,"column":30}},"loc":{"start":{"line":32,"column":36},"end":{"line":34,"column":3}},"line":32},"9":{"name":"(anonymous_9)","decl":{"start":{"line":35,"column":30},"end":{"line":35,"column":31}},"loc":{"start":{"line":35,"column":37},"end":{"line":37,"column":3}},"line":35},"10":{"name":"(anonymous_10)","decl":{"start":{"line":38,"column":27},"end":{"line":38,"column":28}},"loc":{"start":{"line":38,"column":34},"end":{"line":40,"column":3}},"line":38},"11":{"name":"(anonymous_11)","decl":{"start":{"line":41,"column":28},"end":{"line":41,"column":29}},"loc":{"start":{"line":41,"column":35},"end":{"line":43,"column":3}},"line":41},"12":{"name":"(anonymous_12)","decl":{"start":{"line":45,"column":35},"end":{"line":45,"column":36}},"loc":{"start":{"line":45,"column":46},"end":{"line":45,"column":68}},"line":45},"13":{"name":"(anonymous_13)","decl":{"start":{"line":47,"column":4},"end":{"line":47,"column":5}},"loc":{"start":{"line":47,"column":15},"end":{"line":47,"column":45}},"line":47},"14":{"name":"(anonymous_14)","decl":{"start":{"line":49,"column":39},"end":{"line":49,"column":40}},"loc":{"start":{"line":49,"column":50},"end":{"line":49,"column":76}},"line":49},"15":{"name":"(anonymous_15)","decl":{"start":{"line":50,"column":40},"end":{"line":50,"column":41}},"loc":{"start":{"line":50,"column":51},"end":{"line":50,"column":78}},"line":50},"16":{"name":"(anonymous_16)","decl":{"start":{"line":52,"column":23},"end":{"line":52,"column":24}},"loc":{"start":{"line":52,"column":35},"end":{"line":54,"column":3}},"line":52},"17":{"name":"(anonymous_17)","decl":{"start":{"line":56,"column":24},"end":{"line":56,"column":25}},"loc":{"start":{"line":56,"column":36},"end":{"line":58,"column":3}},"line":56},"18":{"name":"(anonymous_18)","decl":{"start":{"line":60,"column":23},"end":{"line":60,"column":24}},"loc":{"start":{"line":60,"column":36},"end":{"line":62,"column":3}},"line":60}},"branchMap":{"0":{"loc":{"start":{"line":81,"column":15},"end":{"line":108,"column":15}},"type":"cond-expr","locations":[{"start":{"line":82,"column":16},"end":{"line":105,"column":19}},{"start":{"line":107,"column":16},"end":{"line":107,"column":21}}],"line":81},"1":{"loc":{"start":{"line":97,"column":36},"end":{"line":97,"column":76}},"type":"cond-expr","locations":[{"start":{"line":97,"column":46},"end":{"line":97,"column":59}},{"start":{"line":97,"column":62},"end":{"line":97,"column":76}}],"line":97},"2":{"loc":{"start":{"line":102,"column":33},"end":{"line":102,"column":77}},"type":"cond-expr","locations":[{"start":{"line":102,"column":47},"end":{"line":102,"column":60}},{"start":{"line":102,"column":63},"end":{"line":102,"column":77}}],"line":102},"3":{"loc":{"start":{"line":160,"column":15},"end":{"line":201,"column":15}},"type":"cond-expr","locations":[{"start":{"line":161,"column":16},"end":{"line":198,"column":19}},{"start":{"line":200,"column":16},"end":{"line":200,"column":21}}],"line":160}},"s":{"0":8,"1":8,"2":8,"3":8,"4":8,"5":8,"6":8,"7":8,"8":8,"9":8,"10":8,"11":8,"12":8,"13":8,"14":2,"15":8,"16":1,"17":8,"18":1,"19":8,"20":1,"21":8,"22":0,"23":8,"24":8,"25":8,"26":8,"27":8,"28":8,"29":8,"30":8,"31":8,"32":0,"33":8,"34":0,"35":8,"36":0,"37":8},"f":{"0":8,"1":8,"2":8,"3":8,"4":8,"5":8,"6":8,"7":2,"8":1,"9":1,"10":1,"11":0,"12":8,"13":8,"14":8,"15":8,"16":0,"17":0,"18":0},"b":{"0":[0,8],"1":[0,0],"2":[0,0],"3":[0,8]},"_coverageSchema":"1a1c01bbd47fc00a2c39e90264f33305004495a9","hash":"d67314925fe03c1c3b37b398b8e5f321abf661b7"}
,"C:\\Users\\Gintautas\\Desktop\\Bakis\\frontend\\src\\StarMap.js": {"path":"C:\\Users\\Gintautas\\Desktop\\Bakis\\frontend\\src\\StarMap.js","statementMap":{"0":{"start":{"line":6,"column":16},"end":{"line":67,"column":1}},"1":{"start":{"line":7,"column":32},"end":{"line":7,"column":34}},"2":{"start":{"line":9,"column":30},"end":{"line":9,"column":41}},"3":{"start":{"line":10,"column":28},"end":{"line":10,"column":39}},"4":{"start":{"line":11,"column":36},"end":{"line":11,"column":47}},"5":{"start":{"line":12,"column":38},"end":{"line":12,"column":49}},"6":{"start":{"line":13,"column":14},"end":{"line":13,"column":26}},"7":{"start":{"line":15,"column":2},"end":{"line":20,"column":12}},"8":{"start":{"line":16,"column":4},"end":{"line":16,"column":40}},"9":{"start":{"line":17,"column":4},"end":{"line":17,"column":38}},"10":{"start":{"line":18,"column":4},"end":{"line":18,"column":40}},"11":{"start":{"line":19,"column":4},"end":{"line":19,"column":42}},"12":{"start":{"line":23,"column":23},"end":{"line":31,"column":3}},"13":{"start":{"line":24,"column":16},"end":{"line":24,"column":65}},"14":{"start":{"line":25,"column":16},"end":{"line":25,"column":36}},"15":{"start":{"line":27,"column":6},"end":{"line":27,"column":74}},"16":{"start":{"line":29,"column":6},"end":{"line":29,"column":78}},"17":{"start":{"line":30,"column":4},"end":{"line":30,"column":20}},"18":{"start":{"line":33,"column":21},"end":{"line":49,"column":3}},"19":{"start":{"line":34,"column":19},"end":{"line":34,"column":51}},"20":{"start":{"line":35,"column":14},"end":{"line":35,"column":37}},"21":{"start":{"line":36,"column":14},"end":{"line":36,"column":36}},"22":{"start":{"line":37,"column":16},"end":{"line":37,"column":42}},"23":{"start":{"line":38,"column":16},"end":{"line":38,"column":43}},"24":{"start":{"line":39,"column":32},"end":{"line":39,"column":57}},"25":{"start":{"line":41,"column":6},"end":{"line":41,"column":79}},"26":{"start":{"line":43,"column":6},"end":{"line":44,"column":63}},"27":{"start":{"line":45,"column":4},"end":{"line":48,"column":7}},"28":{"start":{"line":51,"column":2},"end":{"line":66,"column":4}},"29":{"start":{"line":54,"column":20},"end":{"line":54,"column":70}},"30":{"start":{"line":55,"column":8},"end":{"line":62,"column":10}}},"fnMap":{"0":{"name":"(anonymous_0)","decl":{"start":{"line":6,"column":16},"end":{"line":6,"column":17}},"loc":{"start":{"line":6,"column":27},"end":{"line":67,"column":1}},"line":6},"1":{"name":"(anonymous_1)","decl":{"start":{"line":15,"column":12},"end":{"line":15,"column":13}},"loc":{"start":{"line":15,"column":18},"end":{"line":20,"column":3}},"line":15},"2":{"name":"(anonymous_2)","decl":{"start":{"line":23,"column":23},"end":{"line":23,"column":24}},"loc":{"start":{"line":23,"column":57},"end":{"line":31,"column":3}},"line":23},"3":{"name":"(anonymous_3)","decl":{"start":{"line":33,"column":21},"end":{"line":33,"column":22}},"loc":{"start":{"line":33,"column":28},"end":{"line":49,"column":3}},"line":33},"4":{"name":"(anonymous_4)","decl":{"start":{"line":53,"column":23},"end":{"line":53,"column":24}},"loc":{"start":{"line":53,"column":32},"end":{"line":63,"column":7}},"line":53}},"branchMap":{"0":{"loc":{"start":{"line":41,"column":6},"end":{"line":41,"column":79}},"type":"cond-expr","locations":[{"start":{"line":41,"column":32},"end":{"line":41,"column":51}},{"start":{"line":41,"column":54},"end":{"line":41,"column":79}}],"line":41}},"s":{"0":3,"1":38,"2":38,"3":37,"4":37,"5":37,"6":37,"7":37,"8":4,"9":4,"10":4,"11":4,"12":37,"13":34,"14":34,"15":34,"16":34,"17":34,"18":37,"19":10,"20":10,"21":10,"22":10,"23":10,"24":10,"25":10,"26":10,"27":10,"28":37,"29":34,"30":34},"f":{"0":38,"1":4,"2":34,"3":10,"4":34},"b":{"0":[0,10]},"_coverageSchema":"1a1c01bbd47fc00a2c39e90264f33305004495a9","hash":"836a5c8c898cb6b9b1e3fcb6566baa288262acc0"}
,"C:\\Users\\Gintautas\\Desktop\\Bakis\\frontend\\src\\utils.js": {"path":"C:\\Users\\Gintautas\\Desktop\\Bakis\\frontend\\src\\utils.js","statementMap":{"0":{"start":{"line":3,"column":18},"end":{"line":15,"column":1}},"1":{"start":{"line":4,"column":14},"end":{"line":4,"column":26}},"2":{"start":{"line":5,"column":14},"end":{"line":5,"column":22}},"3":{"start":{"line":6,"column":14},"end":{"line":6,"column":22}},"4":{"start":{"line":7,"column":2},"end":{"line":14,"column":4}},"5":{"start":{"line":17,"column":18},"end":{"line":21,"column":1}},"6":{"start":{"line":18,"column":14},"end":{"line":18,"column":42}},"7":{"start":{"line":19,"column":14},"end":{"line":19,"column":42}},"8":{"start":{"line":20,"column":2},"end":{"line":20,"column":79}},"9":{"start":{"line":23,"column":12},"end":{"line":23,"column":44}},"10":{"start":{"line":23,"column":21},"end":{"line":23,"column":44}},"11":{"start":{"line":24,"column":12},"end":{"line":24,"column":44}},"12":{"start":{"line":24,"column":21},"end":{"line":24,"column":44}},"13":{"start":{"line":26,"column":16},"end":{"line":33,"column":1}},"14":{"start":{"line":27,"column":16},"end":{"line":27,"column":53}},"15":{"start":{"line":28,"column":15},"end":{"line":28,"column":26}},"16":{"start":{"line":29,"column":15},"end":{"line":29,"column":30}},"17":{"start":{"line":30,"column":14},"end":{"line":30,"column":56}},"18":{"start":{"line":31,"column":14},"end":{"line":31,"column":37}},"19":{"start":{"line":32,"column":2},"end":{"line":32,"column":17}},"20":{"start":{"line":35,"column":20},"end":{"line":41,"column":1}},"21":{"start":{"line":36,"column":14},"end":{"line":36,"column":29}},"22":{"start":{"line":37,"column":14},"end":{"line":37,"column":21}},"23":{"start":{"line":38,"column":12},"end":{"line":38,"column":31}},"24":{"start":{"line":39,"column":12},"end":{"line":39,"column":31}},"25":{"start":{"line":40,"column":2},"end":{"line":40,"column":18}},"26":{"start":{"line":43,"column":25},"end":{"line":56,"column":1}},"27":{"start":{"line":44,"column":13},"end":{"line":44,"column":54}},"28":{"start":{"line":45,"column":15},"end":{"line":52,"column":4}},"29":{"start":{"line":46,"column":16},"end":{"line":46,"column":61}},"30":{"start":{"line":47,"column":16},"end":{"line":50,"column":5}},"31":{"start":{"line":51,"column":4},"end":{"line":51,"column":15}},"32":{"start":{"line":53,"column":14},"end":{"line":53,"column":31}},"33":{"start":{"line":54,"column":16},"end":{"line":54,"column":33}},"34":{"start":{"line":55,"column":2},"end":{"line":55,"column":22}},"35":{"start":{"line":58,"column":21},"end":{"line":66,"column":1}},"36":{"start":{"line":59,"column":14},"end":{"line":64,"column":3}},"37":{"start":{"line":65,"column":2},"end":{"line":65,"column":13}},"38":{"start":{"line":68,"column":15},"end":{"line":75,"column":1}},"39":{"start":{"line":69,"column":17},"end":{"line":73,"column":23}},"40":{"start":{"line":70,"column":16},"end":{"line":70,"column":23}},"41":{"start":{"line":71,"column":26},"end":{"line":71,"column":53}},"42":{"start":{"line":72,"column":19},"end":{"line":72,"column":25}},"43":{"start":{"line":73,"column":16},"end":{"line":73,"column":22}},"44":{"start":{"line":74,"column":2},"end":{"line":74,"column":16}},"45":{"start":{"line":89,"column":22},"end":{"line":92,"column":1}},"46":{"start":{"line":90,"column":13},"end":{"line":90,"column":57}},"47":{"start":{"line":91,"column":2},"end":{"line":91,"column":12}},"48":{"start":{"line":94,"column":37},"end":{"line":109,"column":1}},"49":{"start":{"line":95,"column":14},"end":{"line":95,"column":21}},"50":{"start":{"line":96,"column":15},"end":{"line":96,"column":23}},"51":{"start":{"line":97,"column":15},"end":{"line":97,"column":23}},"52":{"start":{"line":98,"column":15},"end":{"line":98,"column":23}},"53":{"start":{"line":99,"column":21},"end":{"line":99,"column":31}},"54":{"start":{"line":100,"column":15},"end":{"line":100,"column":103}},"55":{"start":{"line":101,"column":19},"end":{"line":101,"column":34}},"56":{"start":{"line":102,"column":16},"end":{"line":102,"column":74}},"57":{"start":{"line":103,"column":20},"end":{"line":103,"column":33}},"58":{"start":{"line":104,"column":18},"end":{"line":104,"column":40}},"59":{"start":{"line":105,"column":14},"end":{"line":105,"column":50}},"60":{"start":{"line":107,"column":2},"end":{"line":107,"column":45}}},"fnMap":{"0":{"name":"(anonymous_0)","decl":{"start":{"line":3,"column":18},"end":{"line":3,"column":19}},"loc":{"start":{"line":3,"column":27},"end":{"line":15,"column":1}},"line":3},"1":{"name":"(anonymous_1)","decl":{"start":{"line":17,"column":18},"end":{"line":17,"column":19}},"loc":{"start":{"line":17,"column":27},"end":{"line":21,"column":1}},"line":17},"2":{"name":"(anonymous_2)","decl":{"start":{"line":23,"column":12},"end":{"line":23,"column":13}},"loc":{"start":{"line":23,"column":21},"end":{"line":23,"column":44}},"line":23},"3":{"name":"(anonymous_3)","decl":{"start":{"line":24,"column":12},"end":{"line":24,"column":13}},"loc":{"start":{"line":24,"column":21},"end":{"line":24,"column":44}},"line":24},"4":{"name":"(anonymous_4)","decl":{"start":{"line":26,"column":16},"end":{"line":26,"column":17}},"loc":{"start":{"line":26,"column":59},"end":{"line":33,"column":1}},"line":26},"5":{"name":"(anonymous_5)","decl":{"start":{"line":35,"column":20},"end":{"line":35,"column":21}},"loc":{"start":{"line":35,"column":32},"end":{"line":41,"column":1}},"line":35},"6":{"name":"(anonymous_6)","decl":{"start":{"line":43,"column":25},"end":{"line":43,"column":26}},"loc":{"start":{"line":43,"column":66},"end":{"line":56,"column":1}},"line":43},"7":{"name":"(anonymous_7)","decl":{"start":{"line":45,"column":25},"end":{"line":45,"column":26}},"loc":{"start":{"line":45,"column":32},"end":{"line":52,"column":3}},"line":45},"8":{"name":"(anonymous_8)","decl":{"start":{"line":58,"column":21},"end":{"line":58,"column":22}},"loc":{"start":{"line":58,"column":31},"end":{"line":66,"column":1}},"line":58},"9":{"name":"(anonymous_9)","decl":{"start":{"line":68,"column":15},"end":{"line":68,"column":16}},"loc":{"start":{"line":68,"column":30},"end":{"line":75,"column":1}},"line":68},"10":{"name":"(anonymous_10)","decl":{"start":{"line":70,"column":9},"end":{"line":70,"column":10}},"loc":{"start":{"line":70,"column":16},"end":{"line":70,"column":23}},"line":70},"11":{"name":"(anonymous_11)","decl":{"start":{"line":71,"column":9},"end":{"line":71,"column":10}},"loc":{"start":{"line":71,"column":26},"end":{"line":71,"column":53}},"line":71},"12":{"name":"(anonymous_12)","decl":{"start":{"line":72,"column":12},"end":{"line":72,"column":13}},"loc":{"start":{"line":72,"column":19},"end":{"line":72,"column":25}},"line":72},"13":{"name":"(anonymous_13)","decl":{"start":{"line":73,"column":9},"end":{"line":73,"column":10}},"loc":{"start":{"line":73,"column":16},"end":{"line":73,"column":22}},"line":73},"14":{"name":"(anonymous_14)","decl":{"start":{"line":89,"column":22},"end":{"line":89,"column":23}},"loc":{"start":{"line":89,"column":43},"end":{"line":92,"column":1}},"line":89},"15":{"name":"(anonymous_15)","decl":{"start":{"line":94,"column":37},"end":{"line":94,"column":38}},"loc":{"start":{"line":94,"column":60},"end":{"line":109,"column":1}},"line":94}},"branchMap":{"0":{"loc":{"start":{"line":26,"column":28},"end":{"line":26,"column":54}},"type":"default-arg","locations":[{"start":{"line":26,"column":34},"end":{"line":26,"column":54}}],"line":26},"1":{"loc":{"start":{"line":71,"column":26},"end":{"line":71,"column":53}},"type":"binary-expr","locations":[{"start":{"line":71,"column":26},"end":{"line":71,"column":48}},{"start":{"line":71,"column":52},"end":{"line":71,"column":53}}],"line":71},"2":{"loc":{"start":{"line":105,"column":14},"end":{"line":105,"column":50}},"type":"cond-expr","locations":[{"start":{"line":105,"column":28},"end":{"line":105,"column":41}},{"start":{"line":105,"column":43},"end":{"line":105,"column":50}}],"line":105}},"s":{"0":5,"1":71,"2":71,"3":71,"4":71,"5":5,"6":69,"7":69,"8":69,"9":5,"10":15,"11":5,"12":66,"13":5,"14":6,"15":6,"16":6,"17":6,"18":6,"19":6,"20":5,"21":23,"22":23,"23":23,"24":23,"25":23,"26":5,"27":9,"28":9,"29":11,"30":11,"31":11,"32":9,"33":9,"34":9,"35":5,"36":23,"37":23,"38":5,"39":39,"40":42,"41":42,"42":42,"43":23,"44":39,"45":5,"46":3,"47":3,"48":5,"49":2,"50":2,"51":2,"52":2,"53":2,"54":2,"55":2,"56":2,"57":2,"58":2,"59":2,"60":2},"f":{"0":71,"1":69,"2":15,"3":66,"4":6,"5":23,"6":9,"7":11,"8":23,"9":39,"10":42,"11":42,"12":42,"13":23,"14":3,"15":2},"b":{"0":[1],"1":[42,23],"2":[1,1]},"_coverageSchema":"1a1c01bbd47fc00a2c39e90264f33305004495a9","hash":"b19bdcc6c787535cb9f84ba1376d2f4ed5fd0558"}
,"C:\\Users\\Gintautas\\Desktop\\Bakis\\frontend\\src\\AdminPage\\AdjustComponent.js": {"path":"C:\\Users\\Gintautas\\Desktop\\Bakis\\frontend\\src\\AdminPage\\AdjustComponent.js","statementMap":{"0":{"start":{"line":14,"column":17},"end":{"line":14,"column":69}},"1":{"start":{"line":14,"column":40},"end":{"line":14,"column":68}},"2":{"start":{"line":15,"column":19},"end":{"line":15,"column":32}},"3":{"start":{"line":17,"column":4},"end":{"line":17,"column":46}},"4":{"start":{"line":21,"column":4},"end":{"line":21,"column":57}},"5":{"start":{"line":24,"column":2},"end":{"line":90,"column":4}},"6":{"start":{"line":31,"column":27},"end":{"line":31,"column":60}},"7":{"start":{"line":44,"column":27},"end":{"line":44,"column":61}},"8":{"start":{"line":67,"column":27},"end":{"line":67,"column":60}},"9":{"start":{"line":80,"column":27},"end":{"line":80,"column":61}}},"fnMap":{"0":{"name":"AdjustComponent","decl":{"start":{"line":13,"column":9},"end":{"line":13,"column":24}},"loc":{"start":{"line":13,"column":27},"end":{"line":91,"column":1}},"line":13},"1":{"name":"(anonymous_1)","decl":{"start":{"line":14,"column":29},"end":{"line":14,"column":30}},"loc":{"start":{"line":14,"column":40},"end":{"line":14,"column":68}},"line":14},"2":{"name":"handleAmountChange","decl":{"start":{"line":16,"column":11},"end":{"line":16,"column":29}},"loc":{"start":{"line":16,"column":38},"end":{"line":18,"column":3}},"line":16},"3":{"name":"handleSubmit","decl":{"start":{"line":20,"column":17},"end":{"line":20,"column":29}},"loc":{"start":{"line":20,"column":37},"end":{"line":22,"column":3}},"line":20},"4":{"name":"(anonymous_4)","decl":{"start":{"line":31,"column":21},"end":{"line":31,"column":22}},"loc":{"start":{"line":31,"column":27},"end":{"line":31,"column":60}},"line":31},"5":{"name":"(anonymous_5)","decl":{"start":{"line":44,"column":21},"end":{"line":44,"column":22}},"loc":{"start":{"line":44,"column":27},"end":{"line":44,"column":61}},"line":44},"6":{"name":"(anonymous_6)","decl":{"start":{"line":67,"column":21},"end":{"line":67,"column":22}},"loc":{"start":{"line":67,"column":27},"end":{"line":67,"column":60}},"line":67},"7":{"name":"(anonymous_7)","decl":{"start":{"line":80,"column":21},"end":{"line":80,"column":22}},"loc":{"start":{"line":80,"column":27},"end":{"line":80,"column":61}},"line":80}},"branchMap":{},"s":{"0":1,"1":1,"2":1,"3":0,"4":4,"5":1,"6":1,"7":1,"8":1,"9":1},"f":{"0":1,"1":1,"2":0,"3":4,"4":1,"5":1,"6":1,"7":1},"b":{},"_coverageSchema":"1a1c01bbd47fc00a2c39e90264f33305004495a9","hash":"d3a702140bbe5b1bdf4564d259f3f40e5c70027d"}
,"C:\\Users\\Gintautas\\Desktop\\Bakis\\frontend\\src\\AdminPage\\AdminPage.js": {"path":"C:\\Users\\Gintautas\\Desktop\\Bakis\\frontend\\src\\AdminPage\\AdminPage.js","statementMap":{"0":{"start":{"line":11,"column":19},"end":{"line":11,"column":32}},"1":{"start":{"line":13,"column":19},"end":{"line":13,"column":66}},"2":{"start":{"line":13,"column":42},"end":{"line":13,"column":65}},"3":{"start":{"line":15,"column":24},"end":{"line":18,"column":3}},"4":{"start":{"line":16,"column":16},"end":{"line":16,"column":61}},"5":{"start":{"line":17,"column":4},"end":{"line":17,"column":30}},"6":{"start":{"line":20,"column":23},"end":{"line":28,"column":3}},"7":{"start":{"line":21,"column":4},"end":{"line":27,"column":6}},"8":{"start":{"line":29,"column":23},"end":{"line":37,"column":3}},"9":{"start":{"line":30,"column":4},"end":{"line":36,"column":6}},"10":{"start":{"line":39,"column":2},"end":{"line":74,"column":4}}},"fnMap":{"0":{"name":"AdminPage","decl":{"start":{"line":10,"column":9},"end":{"line":10,"column":18}},"loc":{"start":{"line":10,"column":21},"end":{"line":75,"column":1}},"line":10},"1":{"name":"(anonymous_1)","decl":{"start":{"line":13,"column":31},"end":{"line":13,"column":32}},"loc":{"start":{"line":13,"column":42},"end":{"line":13,"column":65}},"line":13},"2":{"name":"(anonymous_2)","decl":{"start":{"line":15,"column":24},"end":{"line":15,"column":25}},"loc":{"start":{"line":15,"column":31},"end":{"line":18,"column":3}},"line":15},"3":{"name":"(anonymous_3)","decl":{"start":{"line":20,"column":23},"end":{"line":20,"column":24}},"loc":{"start":{"line":20,"column":35},"end":{"line":28,"column":3}},"line":20},"4":{"name":"(anonymous_4)","decl":{"start":{"line":29,"column":23},"end":{"line":29,"column":24}},"loc":{"start":{"line":29,"column":35},"end":{"line":37,"column":3}},"line":29}},"branchMap":{},"s":{"0":1,"1":1,"2":1,"3":1,"4":0,"5":0,"6":1,"7":1,"8":1,"9":1,"10":1},"f":{"0":1,"1":1,"2":0,"3":1,"4":1},"b":{},"_coverageSchema":"1a1c01bbd47fc00a2c39e90264f33305004495a9","hash":"1c7fb67e2570eedd14bf755b280ff29f4548926f"}
,"C:\\Users\\Gintautas\\Desktop\\Bakis\\frontend\\src\\AdminPage\\ItemComponetn.js": {"path":"C:\\Users\\Gintautas\\Desktop\\Bakis\\frontend\\src\\AdminPage\\ItemComponetn.js","statementMap":{"0":{"start":{"line":2,"column":2},"end":{"line":35,"column":4}},"1":{"start":{"line":13,"column":27},"end":{"line":13,"column":54}},"2":{"start":{"line":25,"column":29},"end":{"line":25,"column":56}}},"fnMap":{"0":{"name":"ItemComponetn","decl":{"start":{"line":1,"column":9},"end":{"line":1,"column":22}},"loc":{"start":{"line":1,"column":30},"end":{"line":36,"column":1}},"line":1},"1":{"name":"(anonymous_1)","decl":{"start":{"line":13,"column":20},"end":{"line":13,"column":21}},"loc":{"start":{"line":13,"column":27},"end":{"line":13,"column":54}},"line":13},"2":{"name":"(anonymous_2)","decl":{"start":{"line":25,"column":22},"end":{"line":25,"column":23}},"loc":{"start":{"line":25,"column":29},"end":{"line":25,"column":56}},"line":25}},"branchMap":{"0":{"loc":{"start":{"line":19,"column":7},"end":{"line":33,"column":7}},"type":"cond-expr","locations":[{"start":{"line":20,"column":8},"end":{"line":30,"column":14}},{"start":{"line":32,"column":8},"end":{"line":32,"column":13}}],"line":19}},"s":{"0":10,"1":1,"2":0},"f":{"0":10,"1":1,"2":0},"b":{"0":[4,6]},"_coverageSchema":"1a1c01bbd47fc00a2c39e90264f33305004495a9","hash":"f3476cad4e7bfc32a95d967e51afd2005326642c"}
,"C:\\Users\\Gintautas\\Desktop\\Bakis\\frontend\\src\\AdminPage\\ListComponent.js": {"path":"C:\\Users\\Gintautas\\Desktop\\Bakis\\frontend\\src\\AdminPage\\ListComponent.js","statementMap":{"0":{"start":{"line":22,"column":21},"end":{"line":22,"column":76}},"1":{"start":{"line":22,"column":44},"end":{"line":22,"column":75}},"2":{"start":{"line":23,"column":24},"end":{"line":25,"column":3}},"3":{"start":{"line":24,"column":15},"end":{"line":24,"column":48}},"4":{"start":{"line":26,"column":14},"end":{"line":26,"column":61}},"5":{"start":{"line":26,"column":37},"end":{"line":26,"column":60}},"6":{"start":{"line":27,"column":15},"end":{"line":27,"column":63}},"7":{"start":{"line":27,"column":38},"end":{"line":27,"column":62}},"8":{"start":{"line":28,"column":16},"end":{"line":28,"column":65}},"9":{"start":{"line":28,"column":39},"end":{"line":28,"column":64}},"10":{"start":{"line":29,"column":19},"end":{"line":29,"column":32}},"11":{"start":{"line":32,"column":4},"end":{"line":32,"column":31}},"12":{"start":{"line":32,"column":24},"end":{"line":32,"column":31}},"13":{"start":{"line":33,"column":4},"end":{"line":38,"column":6}},"14":{"start":{"line":41,"column":4},"end":{"line":41,"column":31}},"15":{"start":{"line":44,"column":19},"end":{"line":44,"column":73}},"16":{"start":{"line":45,"column":4},"end":{"line":45,"column":38}},"17":{"start":{"line":48,"column":4},"end":{"line":48,"column":36}},"18":{"start":{"line":52,"column":4},"end":{"line":52,"column":70}},"19":{"start":{"line":55,"column":4},"end":{"line":55,"column":48}},"20":{"start":{"line":58,"column":4},"end":{"line":58,"column":38}},"21":{"start":{"line":61,"column":4},"end":{"line":61,"column":39}},"22":{"start":{"line":64,"column":4},"end":{"line":64,"column":40}},"23":{"start":{"line":66,"column":2},"end":{"line":152,"column":4}},"24":{"start":{"line":72,"column":14},"end":{"line":102,"column":20}},"25":{"start":{"line":74,"column":18},"end":{"line":99,"column":20}},"26":{"start":{"line":81,"column":24},"end":{"line":96,"column":30}}},"fnMap":{"0":{"name":"ListComponent","decl":{"start":{"line":21,"column":9},"end":{"line":21,"column":22}},"loc":{"start":{"line":21,"column":25},"end":{"line":153,"column":1}},"line":21},"1":{"name":"(anonymous_1)","decl":{"start":{"line":22,"column":33},"end":{"line":22,"column":34}},"loc":{"start":{"line":22,"column":44},"end":{"line":22,"column":75}},"line":22},"2":{"name":"(anonymous_2)","decl":{"start":{"line":24,"column":4},"end":{"line":24,"column":5}},"loc":{"start":{"line":24,"column":15},"end":{"line":24,"column":48}},"line":24},"3":{"name":"(anonymous_3)","decl":{"start":{"line":26,"column":26},"end":{"line":26,"column":27}},"loc":{"start":{"line":26,"column":37},"end":{"line":26,"column":60}},"line":26},"4":{"name":"(anonymous_4)","decl":{"start":{"line":27,"column":27},"end":{"line":27,"column":28}},"loc":{"start":{"line":27,"column":38},"end":{"line":27,"column":62}},"line":27},"5":{"name":"(anonymous_5)","decl":{"start":{"line":28,"column":28},"end":{"line":28,"column":29}},"loc":{"start":{"line":28,"column":39},"end":{"line":28,"column":64}},"line":28},"6":{"name":"handleOnDragEnd","decl":{"start":{"line":31,"column":11},"end":{"line":31,"column":26}},"loc":{"start":{"line":31,"column":30},"end":{"line":39,"column":3}},"line":31},"7":{"name":"handleAdd","decl":{"start":{"line":40,"column":11},"end":{"line":40,"column":20}},"loc":{"start":{"line":40,"column":23},"end":{"line":42,"column":3}},"line":40},"8":{"name":"handleEdit","decl":{"start":{"line":43,"column":11},"end":{"line":43,"column":21}},"loc":{"start":{"line":43,"column":29},"end":{"line":46,"column":3}},"line":43},"9":{"name":"handleDelete","decl":{"start":{"line":47,"column":11},"end":{"line":47,"column":23}},"loc":{"start":{"line":47,"column":31},"end":{"line":49,"column":3}},"line":47},"10":{"name":"handleUpload","decl":{"start":{"line":51,"column":17},"end":{"line":51,"column":29}},"loc":{"start":{"line":51,"column":32},"end":{"line":53,"column":3}},"line":51},"11":{"name":"handle_movement_type","decl":{"start":{"line":54,"column":11},"end":{"line":54,"column":31}},"loc":{"start":{"line":54,"column":35},"end":{"line":56,"column":3}},"line":54},"12":{"name":"handle_rpm","decl":{"start":{"line":57,"column":11},"end":{"line":57,"column":21}},"loc":{"start":{"line":57,"column":25},"end":{"line":59,"column":3}},"line":57},"13":{"name":"handle_wait","decl":{"start":{"line":60,"column":11},"end":{"line":60,"column":22}},"loc":{"start":{"line":60,"column":26},"end":{"line":62,"column":3}},"line":60},"14":{"name":"handle_laser","decl":{"start":{"line":63,"column":11},"end":{"line":63,"column":23}},"loc":{"start":{"line":63,"column":27},"end":{"line":65,"column":3}},"line":63},"15":{"name":"(anonymous_15)","decl":{"start":{"line":71,"column":13},"end":{"line":71,"column":14}},"loc":{"start":{"line":72,"column":14},"end":{"line":102,"column":20}},"line":72},"16":{"name":"(anonymous_16)","decl":{"start":{"line":73,"column":32},"end":{"line":73,"column":33}},"loc":{"start":{"line":73,"column":46},"end":{"line":100,"column":17}},"line":73},"17":{"name":"(anonymous_17)","decl":{"start":{"line":80,"column":23},"end":{"line":80,"column":24}},"loc":{"start":{"line":81,"column":24},"end":{"line":96,"column":30}},"line":81}},"branchMap":{"0":{"loc":{"start":{"line":32,"column":4},"end":{"line":32,"column":31}},"type":"if","locations":[{"start":{"line":32,"column":4},"end":{"line":32,"column":31}},{"start":{},"end":{}}],"line":32}},"s":{"0":1,"1":1,"2":1,"3":1,"4":1,"5":1,"6":1,"7":1,"8":1,"9":1,"10":1,"11":0,"12":0,"13":0,"14":4,"15":1,"16":1,"17":0,"18":1,"19":1,"20":1,"21":1,"22":1,"23":1,"24":1,"25":1,"26":1},"f":{"0":1,"1":1,"2":1,"3":1,"4":1,"5":1,"6":0,"7":4,"8":1,"9":0,"10":1,"11":1,"12":1,"13":1,"14":1,"15":1,"16":1,"17":1},"b":{"0":[0,0]},"_coverageSchema":"1a1c01bbd47fc00a2c39e90264f33305004495a9","hash":"649459555e56467a8b2da65e1880d6ebf0249dc7"}
,"C:\\Users\\Gintautas\\Desktop\\Bakis\\frontend\\src\\AdminPage\\RowComponent.js": {"path":"C:\\Users\\Gintautas\\Desktop\\Bakis\\frontend\\src\\AdminPage\\RowComponent.js","statementMap":{"0":{"start":{"line":6,"column":15},"end":{"line":6,"column":25}},"1":{"start":{"line":7,"column":2},"end":{"line":104,"column":4}},"2":{"start":{"line":72,"column":26},"end":{"line":72,"column":53}}},"fnMap":{"0":{"name":"RowComponent","decl":{"start":{"line":5,"column":9},"end":{"line":5,"column":21}},"loc":{"start":{"line":5,"column":29},"end":{"line":105,"column":1}},"line":5},"1":{"name":"(anonymous_1)","decl":{"start":{"line":72,"column":19},"end":{"line":72,"column":20}},"loc":{"start":{"line":72,"column":26},"end":{"line":72,"column":53}},"line":72}},"branchMap":{"0":{"loc":{"start":{"line":9,"column":7},"end":{"line":21,"column":7}},"type":"cond-expr","locations":[{"start":{"line":10,"column":8},"end":{"line":18,"column":10}},{"start":{"line":20,"column":8},"end":{"line":20,"column":13}}],"line":9},"1":{"loc":{"start":{"line":9,"column":7},"end":{"line":9,"column":39}},"type":"binary-expr","locations":[{"start":{"line":9,"column":7},"end":{"line":9,"column":25}},{"start":{"line":9,"column":29},"end":{"line":9,"column":39}}],"line":9},"2":{"loc":{"start":{"line":22,"column":7},"end":{"line":34,"column":7}},"type":"cond-expr","locations":[{"start":{"line":23,"column":8},"end":{"line":31,"column":10}},{"start":{"line":33,"column":8},"end":{"line":33,"column":13}}],"line":22},"3":{"loc":{"start":{"line":22,"column":7},"end":{"line":22,"column":39}},"type":"binary-expr","locations":[{"start":{"line":22,"column":7},"end":{"line":22,"column":25}},{"start":{"line":22,"column":29},"end":{"line":22,"column":39}}],"line":22},"4":{"loc":{"start":{"line":43,"column":7},"end":{"line":54,"column":7}},"type":"cond-expr","locations":[{"start":{"line":44,"column":8},"end":{"line":51,"column":10}},{"start":{"line":53,"column":8},"end":{"line":53,"column":13}}],"line":43},"5":{"loc":{"start":{"line":55,"column":7},"end":{"line":66,"column":7}},"type":"cond-expr","locations":[{"start":{"line":56,"column":8},"end":{"line":63,"column":10}},{"start":{"line":65,"column":8},"end":{"line":65,"column":13}}],"line":55},"6":{"loc":{"start":{"line":67,"column":7},"end":{"line":78,"column":7}},"type":"cond-expr","locations":[{"start":{"line":68,"column":8},"end":{"line":75,"column":17}},{"start":{"line":77,"column":8},"end":{"line":77,"column":13}}],"line":67},"7":{"loc":{"start":{"line":79,"column":7},"end":{"line":90,"column":7}},"type":"cond-expr","locations":[{"start":{"line":80,"column":8},"end":{"line":87,"column":10}},{"start":{"line":89,"column":8},"end":{"line":89,"column":13}}],"line":79},"8":{"loc":{"start":{"line":79,"column":7},"end":{"line":79,"column":31}},"type":"binary-expr","locations":[{"start":{"line":79,"column":7},"end":{"line":79,"column":17}},{"start":{"line":79,"column":21},"end":{"line":79,"column":31}}],"line":79},"9":{"loc":{"start":{"line":91,"column":7},"end":{"line":102,"column":7}},"type":"cond-expr","locations":[{"start":{"line":92,"column":8},"end":{"line":99,"column":10}},{"start":{"line":101,"column":8},"end":{"line":101,"column":13}}],"line":91},"10":{"loc":{"start":{"line":91,"column":7},"end":{"line":91,"column":31}},"type":"binary-expr","locations":[{"start":{"line":91,"column":7},"end":{"line":91,"column":17}},{"start":{"line":91,"column":21},"end":{"line":91,"column":31}}],"line":91}},"s":{"0":2,"1":2,"2":0},"f":{"0":2,"1":0},"b":{"0":[2,0],"1":[2,1],"2":[2,0],"3":[2,1],"4":[1,1],"5":[1,1],"6":[1,1],"7":[1,1],"8":[2,2],"9":[1,1],"10":[2,2]},"_coverageSchema":"1a1c01bbd47fc00a2c39e90264f33305004495a9","hash":"f258ac82691eed4c64a74dca00ef1728bb3de206"}
,"C:\\Users\\Gintautas\\Desktop\\Bakis\\frontend\\src\\ConstellationList\\AddConstellation.js": {"path":"C:\\Users\\Gintautas\\Desktop\\Bakis\\frontend\\src\\ConstellationList\\AddConstellation.js","statementMap":{"0":{"start":{"line":13,"column":20},"end":{"line":13,"column":67}},"1":{"start":{"line":13,"column":47},"end":{"line":13,"column":65}},"2":{"start":{"line":15,"column":19},"end":{"line":15,"column":32}},"3":{"start":{"line":16,"column":28},"end":{"line":16,"column":43}},"4":{"start":{"line":17,"column":20},"end":{"line":19,"column":3}},"5":{"start":{"line":18,"column":4},"end":{"line":18,"column":19}},"6":{"start":{"line":20,"column":21},"end":{"line":22,"column":3}},"7":{"start":{"line":21,"column":4},"end":{"line":21,"column":20}},"8":{"start":{"line":23,"column":20},"end":{"line":29,"column":3}},"9":{"start":{"line":24,"column":4},"end":{"line":24,"column":60}},"10":{"start":{"line":25,"column":4},"end":{"line":25,"column":20}},"11":{"start":{"line":26,"column":4},"end":{"line":26,"column":17}},"12":{"start":{"line":27,"column":4},"end":{"line":27,"column":16}},"13":{"start":{"line":28,"column":4},"end":{"line":28,"column":19}},"14":{"start":{"line":31,"column":26},"end":{"line":31,"column":38}},"15":{"start":{"line":32,"column":32},"end":{"line":32,"column":44}},"16":{"start":{"line":33,"column":28},"end":{"line":33,"column":40}},"17":{"start":{"line":34,"column":19},"end":{"line":36,"column":3}},"18":{"start":{"line":35,"column":4},"end":{"line":35,"column":28}},"19":{"start":{"line":37,"column":22},"end":{"line":39,"column":3}},"20":{"start":{"line":38,"column":4},"end":{"line":38,"column":31}},"21":{"start":{"line":40,"column":18},"end":{"line":47,"column":3}},"22":{"start":{"line":41,"column":15},"end":{"line":41,"column":32}},"23":{"start":{"line":42,"column":15},"end":{"line":42,"column":28}},"24":{"start":{"line":44,"column":6},"end":{"line":44,"column":73}},"25":{"start":{"line":44,"column":60},"end":{"line":44,"column":67}},"26":{"start":{"line":45,"column":17},"end":{"line":45,"column":73}},"27":{"start":{"line":46,"column":4},"end":{"line":46,"column":31}},"28":{"start":{"line":48,"column":21},"end":{"line":52,"column":3}},"29":{"start":{"line":49,"column":4},"end":{"line":49,"column":17}},"30":{"start":{"line":50,"column":4},"end":{"line":50,"column":16}},"31":{"start":{"line":51,"column":4},"end":{"line":51,"column":19}},"32":{"start":{"line":53,"column":26},"end":{"line":62,"column":3}},"33":{"start":{"line":54,"column":19},"end":{"line":54,"column":33}},"34":{"start":{"line":55,"column":4},"end":{"line":61,"column":5}},"35":{"start":{"line":56,"column":26},"end":{"line":56,"column":45}},"36":{"start":{"line":57,"column":18},"end":{"line":57,"column":35}},"37":{"start":{"line":58,"column":29},"end":{"line":58,"column":50}},"38":{"start":{"line":59,"column":6},"end":{"line":59,"column":47}},"39":{"start":{"line":60,"column":6},"end":{"line":60,"column":20}},"40":{"start":{"line":63,"column":19},"end":{"line":66,"column":3}},"41":{"start":{"line":64,"column":16},"end":{"line":64,"column":54}},"42":{"start":{"line":64,"column":36},"end":{"line":64,"column":53}},"43":{"start":{"line":65,"column":4},"end":{"line":65,"column":18}},"44":{"start":{"line":67,"column":2},"end":{"line":158,"column":4}},"45":{"start":{"line":101,"column":51},"end":{"line":105,"column":13}},"46":{"start":{"line":120,"column":18},"end":{"line":139,"column":26}},"47":{"start":{"line":122,"column":22},"end":{"line":136,"column":24}},"48":{"start":{"line":129,"column":28},"end":{"line":133,"column":30}}},"fnMap":{"0":{"name":"AddConstellation","decl":{"start":{"line":12,"column":9},"end":{"line":12,"column":25}},"loc":{"start":{"line":12,"column":33},"end":{"line":159,"column":1}},"line":12},"1":{"name":"(anonymous_1)","decl":{"start":{"line":13,"column":36},"end":{"line":13,"column":37}},"loc":{"start":{"line":13,"column":47},"end":{"line":13,"column":65}},"line":13},"2":{"name":"(anonymous_2)","decl":{"start":{"line":17,"column":20},"end":{"line":17,"column":21}},"loc":{"start":{"line":17,"column":26},"end":{"line":19,"column":3}},"line":17},"3":{"name":"(anonymous_3)","decl":{"start":{"line":20,"column":21},"end":{"line":20,"column":22}},"loc":{"start":{"line":20,"column":27},"end":{"line":22,"column":3}},"line":20},"4":{"name":"(anonymous_4)","decl":{"start":{"line":23,"column":20},"end":{"line":23,"column":21}},"loc":{"start":{"line":23,"column":32},"end":{"line":29,"column":3}},"line":23},"5":{"name":"(anonymous_5)","decl":{"start":{"line":34,"column":19},"end":{"line":34,"column":20}},"loc":{"start":{"line":34,"column":26},"end":{"line":36,"column":3}},"line":34},"6":{"name":"(anonymous_6)","decl":{"start":{"line":37,"column":22},"end":{"line":37,"column":23}},"loc":{"start":{"line":37,"column":29},"end":{"line":39,"column":3}},"line":37},"7":{"name":"(anonymous_7)","decl":{"start":{"line":40,"column":18},"end":{"line":40,"column":19}},"loc":{"start":{"line":40,"column":25},"end":{"line":47,"column":3}},"line":40},"8":{"name":"(anonymous_8)","decl":{"start":{"line":44,"column":53},"end":{"line":44,"column":54}},"loc":{"start":{"line":44,"column":60},"end":{"line":44,"column":67}},"line":44},"9":{"name":"(anonymous_9)","decl":{"start":{"line":48,"column":21},"end":{"line":48,"column":22}},"loc":{"start":{"line":48,"column":27},"end":{"line":52,"column":3}},"line":48},"10":{"name":"(anonymous_10)","decl":{"start":{"line":53,"column":26},"end":{"line":53,"column":27}},"loc":{"start":{"line":53,"column":33},"end":{"line":62,"column":3}},"line":53},"11":{"name":"(anonymous_11)","decl":{"start":{"line":63,"column":19},"end":{"line":63,"column":20}},"loc":{"start":{"line":63,"column":39},"end":{"line":66,"column":3}},"line":63},"12":{"name":"(anonymous_12)","decl":{"start":{"line":64,"column":29},"end":{"line":64,"column":30}},"loc":{"start":{"line":64,"column":36},"end":{"line":64,"column":53}},"line":64},"13":{"name":"(anonymous_13)","decl":{"start":{"line":101,"column":43},"end":{"line":101,"column":44}},"loc":{"start":{"line":101,"column":51},"end":{"line":105,"column":13}},"line":101},"14":{"name":"(anonymous_14)","decl":{"start":{"line":119,"column":17},"end":{"line":119,"column":18}},"loc":{"start":{"line":120,"column":18},"end":{"line":139,"column":26}},"line":120},"15":{"name":"(anonymous_15)","decl":{"start":{"line":121,"column":31},"end":{"line":121,"column":32}},"loc":{"start":{"line":121,"column":48},"end":{"line":137,"column":21}},"line":121},"16":{"name":"(anonymous_16)","decl":{"start":{"line":128,"column":27},"end":{"line":128,"column":28}},"loc":{"start":{"line":129,"column":28},"end":{"line":133,"column":30}},"line":129}},"branchMap":{"0":{"loc":{"start":{"line":44,"column":6},"end":{"line":44,"column":73}},"type":"cond-expr","locations":[{"start":{"line":44,"column":27},"end":{"line":44,"column":28}},{"start":{"line":44,"column":31},"end":{"line":44,"column":73}}],"line":44},"1":{"loc":{"start":{"line":55,"column":4},"end":{"line":61,"column":5}},"type":"if","locations":[{"start":{"line":55,"column":4},"end":{"line":61,"column":5}},{"start":{},"end":{}}],"line":55}},"s":{"0":21,"1":17,"2":20,"3":20,"4":20,"5":2,"6":20,"7":1,"8":20,"9":1,"10":0,"11":0,"12":0,"13":0,"14":20,"15":20,"16":20,"17":20,"18":1,"19":20,"20":1,"21":20,"22":4,"23":4,"24":4,"25":6,"26":4,"27":4,"28":20,"29":1,"30":1,"31":1,"32":20,"33":0,"34":0,"35":0,"36":0,"37":0,"38":0,"39":0,"40":20,"41":1,"42":4,"43":1,"44":20,"45":5,"46":11,"47":13,"48":13},"f":{"0":21,"1":17,"2":2,"3":1,"4":1,"5":1,"6":1,"7":4,"8":6,"9":1,"10":0,"11":1,"12":4,"13":5,"14":11,"15":13,"16":13},"b":{"0":[1,3],"1":[0,0]},"_coverageSchema":"1a1c01bbd47fc00a2c39e90264f33305004495a9","hash":"0eaf32f0821a7347da4d3a89c599825be476df6b"}
,"C:\\Users\\Gintautas\\Desktop\\Bakis\\frontend\\src\\ConstellationList\\ConstellationList.js": {"path":"C:\\Users\\Gintautas\\Desktop\\Bakis\\frontend\\src\\ConstellationList\\ConstellationList.js","statementMap":{"0":{"start":{"line":12,"column":19},"end":{"line":12,"column":32}},"1":{"start":{"line":13,"column":16},"end":{"line":13,"column":57}},"2":{"start":{"line":13,"column":39},"end":{"line":13,"column":56}},"3":{"start":{"line":14,"column":25},"end":{"line":16,"column":3}},"4":{"start":{"line":15,"column":15},"end":{"line":15,"column":50}},"5":{"start":{"line":17,"column":19},"end":{"line":19,"column":3}},"6":{"start":{"line":18,"column":4},"end":{"line":18,"column":45}},"7":{"start":{"line":20,"column":24},"end":{"line":22,"column":3}},"8":{"start":{"line":21,"column":15},"end":{"line":21,"column":45}},"9":{"start":{"line":23,"column":14},"end":{"line":25,"column":3}},"10":{"start":{"line":24,"column":15},"end":{"line":24,"column":37}},"11":{"start":{"line":26,"column":15},"end":{"line":28,"column":3}},"12":{"start":{"line":27,"column":15},"end":{"line":27,"column":41}},"13":{"start":{"line":29,"column":19},"end":{"line":51,"column":3}},"14":{"start":{"line":30,"column":18},"end":{"line":30,"column":19}},"15":{"start":{"line":31,"column":16},"end":{"line":31,"column":57}},"16":{"start":{"line":32,"column":19},"end":{"line":49,"column":6}},"17":{"start":{"line":33,"column":18},"end":{"line":33,"column":34}},"18":{"start":{"line":34,"column":18},"end":{"line":34,"column":86}},"19":{"start":{"line":41,"column":6},"end":{"line":41,"column":22}},"20":{"start":{"line":42,"column":6},"end":{"line":48,"column":8}},"21":{"start":{"line":50,"column":4},"end":{"line":50,"column":66}},"22":{"start":{"line":52,"column":52},"end":{"line":52,"column":66}},"23":{"start":{"line":53,"column":36},"end":{"line":53,"column":51}},"24":{"start":{"line":54,"column":17},"end":{"line":57,"column":3}},"25":{"start":{"line":55,"column":4},"end":{"line":55,"column":23}},"26":{"start":{"line":56,"column":4},"end":{"line":56,"column":40}},"27":{"start":{"line":58,"column":2},"end":{"line":92,"column":4}},"28":{"start":{"line":79,"column":12},"end":{"line":87,"column":14}}},"fnMap":{"0":{"name":"ConstellationList","decl":{"start":{"line":11,"column":9},"end":{"line":11,"column":26}},"loc":{"start":{"line":11,"column":29},"end":{"line":93,"column":1}},"line":11},"1":{"name":"(anonymous_1)","decl":{"start":{"line":13,"column":28},"end":{"line":13,"column":29}},"loc":{"start":{"line":13,"column":39},"end":{"line":13,"column":56}},"line":13},"2":{"name":"(anonymous_2)","decl":{"start":{"line":15,"column":4},"end":{"line":15,"column":5}},"loc":{"start":{"line":15,"column":15},"end":{"line":15,"column":50}},"line":15},"3":{"name":"(anonymous_3)","decl":{"start":{"line":17,"column":19},"end":{"line":17,"column":20}},"loc":{"start":{"line":17,"column":36},"end":{"line":19,"column":3}},"line":17},"4":{"name":"(anonymous_4)","decl":{"start":{"line":21,"column":4},"end":{"line":21,"column":5}},"loc":{"start":{"line":21,"column":15},"end":{"line":21,"column":45}},"line":21},"5":{"name":"(anonymous_5)","decl":{"start":{"line":24,"column":4},"end":{"line":24,"column":5}},"loc":{"start":{"line":24,"column":15},"end":{"line":24,"column":37}},"line":24},"6":{"name":"(anonymous_6)","decl":{"start":{"line":27,"column":4},"end":{"line":27,"column":5}},"loc":{"start":{"line":27,"column":15},"end":{"line":27,"column":41}},"line":27},"7":{"name":"(anonymous_7)","decl":{"start":{"line":29,"column":19},"end":{"line":29,"column":20}},"loc":{"start":{"line":29,"column":47},"end":{"line":51,"column":3}},"line":29},"8":{"name":"(anonymous_8)","decl":{"start":{"line":32,"column":30},"end":{"line":32,"column":31}},"loc":{"start":{"line":32,"column":37},"end":{"line":49,"column":5}},"line":32},"9":{"name":"(anonymous_9)","decl":{"start":{"line":54,"column":17},"end":{"line":54,"column":18}},"loc":{"start":{"line":54,"column":39},"end":{"line":57,"column":3}},"line":54},"10":{"name":"(anonymous_10)","decl":{"start":{"line":78,"column":30},"end":{"line":78,"column":31}},"loc":{"start":{"line":78,"column":39},"end":{"line":88,"column":11}},"line":78}},"branchMap":{},"s":{"0":10,"1":9,"2":9,"3":9,"4":9,"5":9,"6":1,"7":9,"8":9,"9":9,"10":9,"11":9,"12":9,"13":9,"14":0,"15":0,"16":0,"17":0,"18":0,"19":0,"20":0,"21":0,"22":9,"23":9,"24":9,"25":2,"26":2,"27":9,"28":5},"f":{"0":10,"1":9,"2":9,"3":1,"4":9,"5":9,"6":9,"7":0,"8":0,"9":2,"10":5},"b":{},"_coverageSchema":"1a1c01bbd47fc00a2c39e90264f33305004495a9","hash":"b3bbdafe13daa64a4c832a9b5a7be77dbc4e1749"}
,"C:\\Users\\Gintautas\\Desktop\\Bakis\\frontend\\src\\ConstellationList\\ConstellationRow.js": {"path":"C:\\Users\\Gintautas\\Desktop\\Bakis\\frontend\\src\\ConstellationList\\ConstellationRow.js","statementMap":{"0":{"start":{"line":6,"column":24},"end":{"line":6,"column":43}},"1":{"start":{"line":7,"column":2},"end":{"line":42,"column":4}},"2":{"start":{"line":16,"column":12},"end":{"line":16,"column":45}},"3":{"start":{"line":26,"column":12},"end":{"line":26,"column":43}},"4":{"start":{"line":37,"column":12},"end":{"line":37,"column":48}}},"fnMap":{"0":{"name":"ConstellationRow","decl":{"start":{"line":5,"column":9},"end":{"line":5,"column":25}},"loc":{"start":{"line":5,"column":33},"end":{"line":43,"column":1}},"line":5},"1":{"name":"(anonymous_1)","decl":{"start":{"line":15,"column":19},"end":{"line":15,"column":20}},"loc":{"start":{"line":15,"column":26},"end":{"line":17,"column":11}},"line":15},"2":{"name":"(anonymous_2)","decl":{"start":{"line":25,"column":19},"end":{"line":25,"column":20}},"loc":{"start":{"line":25,"column":26},"end":{"line":27,"column":11}},"line":25},"3":{"name":"(anonymous_3)","decl":{"start":{"line":36,"column":19},"end":{"line":36,"column":20}},"loc":{"start":{"line":36,"column":26},"end":{"line":38,"column":11}},"line":36}},"branchMap":{},"s":{"0":5,"1":5,"2":0,"3":2,"4":1},"f":{"0":5,"1":0,"2":2,"3":1},"b":{},"_coverageSchema":"1a1c01bbd47fc00a2c39e90264f33305004495a9","hash":"b352e7ed0e1569b798cf9f9f8b4512f1ce1dba1b"}
,"C:\\Users\\Gintautas\\Desktop\\Bakis\\frontend\\src\\ConstellationList\\EditConstellation.js": {"path":"C:\\Users\\Gintautas\\Desktop\\Bakis\\frontend\\src\\ConstellationList\\EditConstellation.js","statementMap":{"0":{"start":{"line":13,"column":24},"end":{"line":13,"column":43}},"1":{"start":{"line":14,"column":16},"end":{"line":14,"column":27}},"2":{"start":{"line":15,"column":19},"end":{"line":15,"column":33}},"3":{"start":{"line":17,"column":20},"end":{"line":17,"column":67}},"4":{"start":{"line":17,"column":47},"end":{"line":17,"column":65}},"5":{"start":{"line":19,"column":19},"end":{"line":19,"column":32}},"6":{"start":{"line":20,"column":21},"end":{"line":22,"column":3}},"7":{"start":{"line":21,"column":4},"end":{"line":21,"column":20}},"8":{"start":{"line":23,"column":20},"end":{"line":32,"column":3}},"9":{"start":{"line":24,"column":4},"end":{"line":30,"column":6}},"10":{"start":{"line":29,"column":23},"end":{"line":29,"column":27}},"11":{"start":{"line":31,"column":4},"end":{"line":31,"column":20}},"12":{"start":{"line":34,"column":26},"end":{"line":34,"column":38}},"13":{"start":{"line":35,"column":32},"end":{"line":35,"column":44}},"14":{"start":{"line":36,"column":28},"end":{"line":36,"column":40}},"15":{"start":{"line":38,"column":2},"end":{"line":49,"column":22}},"16":{"start":{"line":39,"column":4},"end":{"line":48,"column":5}},"17":{"start":{"line":40,"column":6},"end":{"line":40,"column":34}},"18":{"start":{"line":41,"column":6},"end":{"line":41,"column":48}},"19":{"start":{"line":42,"column":18},"end":{"line":42,"column":37}},"20":{"start":{"line":43,"column":24},"end":{"line":46,"column":9}},"21":{"start":{"line":43,"column":43},"end":{"line":46,"column":7}},"22":{"start":{"line":44,"column":35},"end":{"line":44,"column":45}},"23":{"start":{"line":47,"column":6},"end":{"line":47,"column":26}},"24":{"start":{"line":51,"column":19},"end":{"line":53,"column":3}},"25":{"start":{"line":52,"column":4},"end":{"line":52,"column":28}},"26":{"start":{"line":54,"column":22},"end":{"line":56,"column":3}},"27":{"start":{"line":55,"column":4},"end":{"line":55,"column":31}},"28":{"start":{"line":57,"column":18},"end":{"line":64,"column":3}},"29":{"start":{"line":58,"column":15},"end":{"line":58,"column":32}},"30":{"start":{"line":59,"column":15},"end":{"line":59,"column":28}},"31":{"start":{"line":61,"column":6},"end":{"line":61,"column":73}},"32":{"start":{"line":61,"column":60},"end":{"line":61,"column":67}},"33":{"start":{"line":62,"column":17},"end":{"line":62,"column":73}},"34":{"start":{"line":63,"column":4},"end":{"line":63,"column":31}},"35":{"start":{"line":65,"column":21},"end":{"line":73,"column":3}},"36":{"start":{"line":66,"column":22},"end":{"line":69,"column":7}},"37":{"start":{"line":66,"column":57},"end":{"line":69,"column":5}},"38":{"start":{"line":67,"column":33},"end":{"line":67,"column":43}},"39":{"start":{"line":70,"column":4},"end":{"line":70,"column":24}},"40":{"start":{"line":71,"column":4},"end":{"line":71,"column":32}},"41":{"start":{"line":72,"column":4},"end":{"line":72,"column":46}},"42":{"start":{"line":74,"column":26},"end":{"line":83,"column":3}},"43":{"start":{"line":75,"column":19},"end":{"line":75,"column":33}},"44":{"start":{"line":76,"column":4},"end":{"line":82,"column":5}},"45":{"start":{"line":77,"column":26},"end":{"line":77,"column":45}},"46":{"start":{"line":78,"column":18},"end":{"line":78,"column":35}},"47":{"start":{"line":79,"column":29},"end":{"line":79,"column":50}},"48":{"start":{"line":80,"column":6},"end":{"line":80,"column":47}},"49":{"start":{"line":81,"column":6},"end":{"line":81,"column":20}},"50":{"start":{"line":84,"column":19},"end":{"line":87,"column":3}},"51":{"start":{"line":85,"column":16},"end":{"line":85,"column":54}},"52":{"start":{"line":85,"column":36},"end":{"line":85,"column":53}},"53":{"start":{"line":86,"column":4},"end":{"line":86,"column":18}},"54":{"start":{"line":88,"column":2},"end":{"line":174,"column":4}},"55":{"start":{"line":117,"column":51},"end":{"line":121,"column":13}},"56":{"start":{"line":136,"column":18},"end":{"line":155,"column":26}},"57":{"start":{"line":138,"column":22},"end":{"line":152,"column":24}},"58":{"start":{"line":145,"column":28},"end":{"line":149,"column":30}}},"fnMap":{"0":{"name":"EditConstellation","decl":{"start":{"line":12,"column":9},"end":{"line":12,"column":26}},"loc":{"start":{"line":12,"column":34},"end":{"line":175,"column":1}},"line":12},"1":{"name":"(anonymous_1)","decl":{"start":{"line":17,"column":36},"end":{"line":17,"column":37}},"loc":{"start":{"line":17,"column":47},"end":{"line":17,"column":65}},"line":17},"2":{"name":"(anonymous_2)","decl":{"start":{"line":20,"column":21},"end":{"line":20,"column":22}},"loc":{"start":{"line":20,"column":27},"end":{"line":22,"column":3}},"line":20},"3":{"name":"(anonymous_3)","decl":{"start":{"line":23,"column":20},"end":{"line":23,"column":21}},"loc":{"start":{"line":23,"column":32},"end":{"line":32,"column":3}},"line":23},"4":{"name":"(anonymous_4)","decl":{"start":{"line":29,"column":16},"end":{"line":29,"column":17}},"loc":{"start":{"line":29,"column":23},"end":{"line":29,"column":27}},"line":29},"5":{"name":"(anonymous_5)","decl":{"start":{"line":38,"column":12},"end":{"line":38,"column":13}},"loc":{"start":{"line":38,"column":18},"end":{"line":49,"column":3}},"line":38},"6":{"name":"(anonymous_6)","decl":{"start":{"line":43,"column":32},"end":{"line":43,"column":33}},"loc":{"start":{"line":43,"column":43},"end":{"line":46,"column":7}},"line":43},"7":{"name":"(anonymous_7)","decl":{"start":{"line":44,"column":28},"end":{"line":44,"column":29}},"loc":{"start":{"line":44,"column":35},"end":{"line":44,"column":45}},"line":44},"8":{"name":"(anonymous_8)","decl":{"start":{"line":51,"column":19},"end":{"line":51,"column":20}},"loc":{"start":{"line":51,"column":26},"end":{"line":53,"column":3}},"line":51},"9":{"name":"(anonymous_9)","decl":{"start":{"line":54,"column":22},"end":{"line":54,"column":23}},"loc":{"start":{"line":54,"column":29},"end":{"line":56,"column":3}},"line":54},"10":{"name":"(anonymous_10)","decl":{"start":{"line":57,"column":18},"end":{"line":57,"column":19}},"loc":{"start":{"line":57,"column":25},"end":{"line":64,"column":3}},"line":57},"11":{"name":"(anonymous_11)","decl":{"start":{"line":61,"column":53},"end":{"line":61,"column":54}},"loc":{"start":{"line":61,"column":60},"end":{"line":61,"column":67}},"line":61},"12":{"name":"(anonymous_12)","decl":{"start":{"line":65,"column":21},"end":{"line":65,"column":22}},"loc":{"start":{"line":65,"column":27},"end":{"line":73,"column":3}},"line":65},"13":{"name":"(anonymous_13)","decl":{"start":{"line":66,"column":46},"end":{"line":66,"column":47}},"loc":{"start":{"line":66,"column":57},"end":{"line":69,"column":5}},"line":66},"14":{"name":"(anonymous_14)","decl":{"start":{"line":67,"column":26},"end":{"line":67,"column":27}},"loc":{"start":{"line":67,"column":33},"end":{"line":67,"column":43}},"line":67},"15":{"name":"(anonymous_15)","decl":{"start":{"line":74,"column":26},"end":{"line":74,"column":27}},"loc":{"start":{"line":74,"column":33},"end":{"line":83,"column":3}},"line":74},"16":{"name":"(anonymous_16)","decl":{"start":{"line":84,"column":19},"end":{"line":84,"column":20}},"loc":{"start":{"line":84,"column":39},"end":{"line":87,"column":3}},"line":84},"17":{"name":"(anonymous_17)","decl":{"start":{"line":85,"column":29},"end":{"line":85,"column":30}},"loc":{"start":{"line":85,"column":36},"end":{"line":85,"column":53}},"line":85},"18":{"name":"(anonymous_18)","decl":{"start":{"line":117,"column":43},"end":{"line":117,"column":44}},"loc":{"start":{"line":117,"column":51},"end":{"line":121,"column":13}},"line":117},"19":{"name":"(anonymous_19)","decl":{"start":{"line":135,"column":17},"end":{"line":135,"column":18}},"loc":{"start":{"line":136,"column":18},"end":{"line":155,"column":26}},"line":136},"20":{"name":"(anonymous_20)","decl":{"start":{"line":137,"column":31},"end":{"line":137,"column":32}},"loc":{"start":{"line":137,"column":48},"end":{"line":153,"column":21}},"line":137},"21":{"name":"(anonymous_21)","decl":{"start":{"line":144,"column":27},"end":{"line":144,"column":28}},"loc":{"start":{"line":145,"column":28},"end":{"line":149,"column":30}},"line":145}},"branchMap":{"0":{"loc":{"start":{"line":39,"column":4},"end":{"line":48,"column":5}},"type":"if","locations":[{"start":{"line":39,"column":4},"end":{"line":48,"column":5}},{"start":{},"end":{}}],"line":39},"1":{"loc":{"start":{"line":61,"column":6},"end":{"line":61,"column":73}},"type":"cond-expr","locations":[{"start":{"line":61,"column":27},"end":{"line":61,"column":28}},{"start":{"line":61,"column":31},"end":{"line":61,"column":73}}],"line":61},"2":{"loc":{"start":{"line":76,"column":4},"end":{"line":82,"column":5}},"type":"if","locations":[{"start":{"line":76,"column":4},"end":{"line":82,"column":5}},{"start":{},"end":{}}],"line":76},"3":{"loc":{"start":{"line":92,"column":29},"end":{"line":92,"column":68}},"type":"cond-expr","locations":[{"start":{"line":92,"column":45},"end":{"line":92,"column":63}},{"start":{"line":92,"column":66},"end":{"line":92,"column":68}}],"line":92}},"s":{"0":18,"1":18,"2":18,"3":18,"4":15,"5":18,"6":18,"7":1,"8":18,"9":0,"10":0,"11":0,"12":18,"13":18,"14":18,"15":18,"16":6,"17":1,"18":1,"19":1,"20":1,"21":1,"22":1,"23":1,"24":18,"25":1,"26":18,"27":1,"28":18,"29":4,"30":4,"31":4,"32":10,"33":4,"34":4,"35":18,"36":1,"37":1,"38":1,"39":1,"40":1,"41":1,"42":18,"43":0,"44":0,"45":0,"46":0,"47":0,"48":0,"49":0,"50":18,"51":1,"52":5,"53":1,"54":18,"55":15,"56":12,"57":24,"58":24},"f":{"0":18,"1":15,"2":1,"3":0,"4":0,"5":6,"6":1,"7":1,"8":1,"9":1,"10":4,"11":10,"12":1,"13":1,"14":1,"15":0,"16":1,"17":5,"18":15,"19":12,"20":24,"21":24},"b":{"0":[1,5],"1":[0,4],"2":[0,0],"3":[12,6]},"_coverageSchema":"1a1c01bbd47fc00a2c39e90264f33305004495a9","hash":"fffa07ffb0b54e2dc21b8e275dc6080caefbd43a"}
,"C:\\Users\\Gintautas\\Desktop\\Bakis\\frontend\\src\\StarList\\AddStar.js": {"path":"C:\\Users\\Gintautas\\Desktop\\Bakis\\frontend\\src\\StarList\\AddStar.js","statementMap":{"0":{"start":{"line":9,"column":19},"end":{"line":9,"column":32}},"1":{"start":{"line":10,"column":28},"end":{"line":10,"column":43}},"2":{"start":{"line":11,"column":20},"end":{"line":13,"column":3}},"3":{"start":{"line":12,"column":4},"end":{"line":12,"column":19}},"4":{"start":{"line":14,"column":21},"end":{"line":16,"column":3}},"5":{"start":{"line":15,"column":4},"end":{"line":15,"column":20}},"6":{"start":{"line":17,"column":20},"end":{"line":20,"column":3}},"7":{"start":{"line":18,"column":4},"end":{"line":18,"column":77}},"8":{"start":{"line":19,"column":4},"end":{"line":19,"column":20}},"9":{"start":{"line":22,"column":26},"end":{"line":22,"column":38}},"10":{"start":{"line":23,"column":32},"end":{"line":23,"column":44}},"11":{"start":{"line":24,"column":46},"end":{"line":24,"column":57}},"12":{"start":{"line":25,"column":40},"end":{"line":25,"column":52}},"13":{"start":{"line":26,"column":19},"end":{"line":28,"column":3}},"14":{"start":{"line":27,"column":4},"end":{"line":27,"column":28}},"15":{"start":{"line":29,"column":22},"end":{"line":31,"column":3}},"16":{"start":{"line":30,"column":4},"end":{"line":30,"column":31}},"17":{"start":{"line":32,"column":21},"end":{"line":35,"column":3}},"18":{"start":{"line":33,"column":4},"end":{"line":33,"column":41}},"19":{"start":{"line":34,"column":4},"end":{"line":34,"column":34}},"20":{"start":{"line":36,"column":21},"end":{"line":41,"column":3}},"21":{"start":{"line":37,"column":4},"end":{"line":37,"column":25}},"22":{"start":{"line":38,"column":4},"end":{"line":38,"column":23}},"23":{"start":{"line":39,"column":4},"end":{"line":39,"column":19}},"24":{"start":{"line":40,"column":4},"end":{"line":40,"column":16}},"25":{"start":{"line":42,"column":2},"end":{"line":106,"column":4}}},"fnMap":{"0":{"name":"AddStar","decl":{"start":{"line":8,"column":9},"end":{"line":8,"column":16}},"loc":{"start":{"line":8,"column":19},"end":{"line":107,"column":1}},"line":8},"1":{"name":"(anonymous_1)","decl":{"start":{"line":11,"column":20},"end":{"line":11,"column":21}},"loc":{"start":{"line":11,"column":26},"end":{"line":13,"column":3}},"line":11},"2":{"name":"(anonymous_2)","decl":{"start":{"line":14,"column":21},"end":{"line":14,"column":22}},"loc":{"start":{"line":14,"column":27},"end":{"line":16,"column":3}},"line":14},"3":{"name":"(anonymous_3)","decl":{"start":{"line":17,"column":20},"end":{"line":17,"column":21}},"loc":{"start":{"line":17,"column":32},"end":{"line":20,"column":3}},"line":17},"4":{"name":"(anonymous_4)","decl":{"start":{"line":26,"column":19},"end":{"line":26,"column":20}},"loc":{"start":{"line":26,"column":26},"end":{"line":28,"column":3}},"line":26},"5":{"name":"(anonymous_5)","decl":{"start":{"line":29,"column":22},"end":{"line":29,"column":23}},"loc":{"start":{"line":29,"column":29},"end":{"line":31,"column":3}},"line":29},"6":{"name":"(anonymous_6)","decl":{"start":{"line":32,"column":21},"end":{"line":32,"column":22}},"loc":{"start":{"line":32,"column":28},"end":{"line":35,"column":3}},"line":32},"7":{"name":"(anonymous_7)","decl":{"start":{"line":36,"column":21},"end":{"line":36,"column":22}},"loc":{"start":{"line":36,"column":27},"end":{"line":41,"column":3}},"line":36}},"branchMap":{},"s":{"0":12,"1":12,"2":12,"3":2,"4":12,"5":1,"6":12,"7":1,"8":0,"9":12,"10":12,"11":12,"12":12,"13":12,"14":1,"15":12,"16":1,"17":12,"18":1,"19":1,"20":12,"21":1,"22":1,"23":1,"24":1,"25":12},"f":{"0":12,"1":2,"2":1,"3":1,"4":1,"5":1,"6":1,"7":1},"b":{},"_coverageSchema":"1a1c01bbd47fc00a2c39e90264f33305004495a9","hash":"6eed604a78a488cf2ad5be09c7c74e28aacaa930"}
,"C:\\Users\\Gintautas\\Desktop\\Bakis\\frontend\\src\\StarList\\EditStar.js": {"path":"C:\\Users\\Gintautas\\Desktop\\Bakis\\frontend\\src\\StarList\\EditStar.js","statementMap":{"0":{"start":{"line":9,"column":15},"end":{"line":9,"column":25}},"1":{"start":{"line":10,"column":16},"end":{"line":10,"column":27}},"2":{"start":{"line":11,"column":19},"end":{"line":11,"column":33}},"3":{"start":{"line":12,"column":19},"end":{"line":12,"column":32}},"4":{"start":{"line":13,"column":21},"end":{"line":15,"column":3}},"5":{"start":{"line":14,"column":4},"end":{"line":14,"column":20}},"6":{"start":{"line":16,"column":20},"end":{"line":26,"column":3}},"7":{"start":{"line":17,"column":4},"end":{"line":24,"column":6}},"8":{"start":{"line":25,"column":4},"end":{"line":25,"column":20}},"9":{"start":{"line":27,"column":21},"end":{"line":32,"column":3}},"10":{"start":{"line":28,"column":4},"end":{"line":28,"column":25}},"11":{"start":{"line":29,"column":4},"end":{"line":29,"column":23}},"12":{"start":{"line":30,"column":4},"end":{"line":30,"column":19}},"13":{"start":{"line":31,"column":4},"end":{"line":31,"column":16}},"14":{"start":{"line":34,"column":26},"end":{"line":34,"column":38}},"15":{"start":{"line":35,"column":32},"end":{"line":35,"column":44}},"16":{"start":{"line":36,"column":46},"end":{"line":36,"column":57}},"17":{"start":{"line":37,"column":40},"end":{"line":37,"column":52}},"18":{"start":{"line":39,"column":2},"end":{"line":44,"column":13}},"19":{"start":{"line":40,"column":4},"end":{"line":40,"column":44}},"20":{"start":{"line":41,"column":4},"end":{"line":41,"column":58}},"21":{"start":{"line":42,"column":4},"end":{"line":42,"column":64}},"22":{"start":{"line":43,"column":4},"end":{"line":43,"column":57}},"23":{"start":{"line":46,"column":19},"end":{"line":48,"column":3}},"24":{"start":{"line":47,"column":4},"end":{"line":47,"column":60}},"25":{"start":{"line":47,"column":36},"end":{"line":47,"column":60}},"26":{"start":{"line":49,"column":22},"end":{"line":51,"column":3}},"27":{"start":{"line":50,"column":4},"end":{"line":50,"column":31}},"28":{"start":{"line":52,"column":21},"end":{"line":55,"column":3}},"29":{"start":{"line":53,"column":4},"end":{"line":53,"column":41}},"30":{"start":{"line":54,"column":4},"end":{"line":54,"column":34}},"31":{"start":{"line":56,"column":2},"end":{"line":113,"column":4}}},"fnMap":{"0":{"name":"EditStar","decl":{"start":{"line":8,"column":9},"end":{"line":8,"column":17}},"loc":{"start":{"line":8,"column":25},"end":{"line":114,"column":1}},"line":8},"1":{"name":"(anonymous_1)","decl":{"start":{"line":13,"column":21},"end":{"line":13,"column":22}},"loc":{"start":{"line":13,"column":27},"end":{"line":15,"column":3}},"line":13},"2":{"name":"(anonymous_2)","decl":{"start":{"line":16,"column":20},"end":{"line":16,"column":21}},"loc":{"start":{"line":16,"column":32},"end":{"line":26,"column":3}},"line":16},"3":{"name":"(anonymous_3)","decl":{"start":{"line":27,"column":21},"end":{"line":27,"column":22}},"loc":{"start":{"line":27,"column":27},"end":{"line":32,"column":3}},"line":27},"4":{"name":"(anonymous_4)","decl":{"start":{"line":39,"column":12},"end":{"line":39,"column":13}},"loc":{"start":{"line":39,"column":18},"end":{"line":44,"column":3}},"line":39},"5":{"name":"(anonymous_5)","decl":{"start":{"line":46,"column":19},"end":{"line":46,"column":20}},"loc":{"start":{"line":46,"column":26},"end":{"line":48,"column":3}},"line":46},"6":{"name":"(anonymous_6)","decl":{"start":{"line":49,"column":22},"end":{"line":49,"column":23}},"loc":{"start":{"line":49,"column":29},"end":{"line":51,"column":3}},"line":49},"7":{"name":"(anonymous_7)","decl":{"start":{"line":52,"column":21},"end":{"line":52,"column":22}},"loc":{"start":{"line":52,"column":28},"end":{"line":55,"column":3}},"line":52}},"branchMap":{"0":{"loc":{"start":{"line":40,"column":12},"end":{"line":40,"column":42}},"type":"cond-expr","locations":[{"start":{"line":40,"column":28},"end":{"line":40,"column":37}},{"start":{"line":40,"column":40},"end":{"line":40,"column":42}}],"line":40},"1":{"loc":{"start":{"line":41,"column":15},"end":{"line":41,"column":56}},"type":"cond-expr","locations":[{"start":{"line":41,"column":31},"end":{"line":41,"column":51}},{"start":{"line":41,"column":54},"end":{"line":41,"column":56}}],"line":41},"2":{"loc":{"start":{"line":42,"column":22},"end":{"line":42,"column":62}},"type":"cond-expr","locations":[{"start":{"line":42,"column":38},"end":{"line":42,"column":58}},{"start":{"line":42,"column":61},"end":{"line":42,"column":62}}],"line":42},"3":{"loc":{"start":{"line":43,"column":19},"end":{"line":43,"column":55}},"type":"cond-expr","locations":[{"start":{"line":43,"column":35},"end":{"line":43,"column":51}},{"start":{"line":43,"column":54},"end":{"line":43,"column":55}}],"line":43},"4":{"loc":{"start":{"line":47,"column":4},"end":{"line":47,"column":60}},"type":"if","locations":[{"start":{"line":47,"column":4},"end":{"line":47,"column":60}},{"start":{},"end":{}}],"line":47},"5":{"loc":{"start":{"line":59,"column":27},"end":{"line":59,"column":57}},"type":"cond-expr","locations":[{"start":{"line":59,"column":43},"end":{"line":59,"column":52}},{"start":{"line":59,"column":55},"end":{"line":59,"column":57}}],"line":59}},"s":{"0":14,"1":14,"2":14,"3":14,"4":14,"5":1,"6":14,"7":0,"8":0,"9":14,"10":1,"11":1,"12":1,"13":1,"14":14,"15":14,"16":14,"17":14,"18":14,"19":4,"20":4,"21":4,"22":4,"23":14,"24":1,"25":1,"26":14,"27":1,"28":14,"29":1,"30":1,"31":14},"f":{"0":14,"1":1,"2":0,"3":1,"4":4,"5":1,"6":1,"7":1},"b":{"0":[1,3],"1":[1,3],"2":[1,3],"3":[1,3],"4":[1,0],"5":[8,6]},"_coverageSchema":"1a1c01bbd47fc00a2c39e90264f33305004495a9","hash":"4535c206b15ef96119d6b4071e53d3a9a1d74e68"}
,"C:\\Users\\Gintautas\\Desktop\\Bakis\\frontend\\src\\StarList\\StarList.js": {"path":"C:\\Users\\Gintautas\\Desktop\\Bakis\\frontend\\src\\StarList\\StarList.js","statementMap":{"0":{"start":{"line":12,"column":14},"end":{"line":12,"column":60}},"1":{"start":{"line":12,"column":37},"end":{"line":12,"column":59}},"2":{"start":{"line":13,"column":19},"end":{"line":13,"column":32}},"3":{"start":{"line":14,"column":16},"end":{"line":14,"column":57}},"4":{"start":{"line":14,"column":39},"end":{"line":14,"column":56}},"5":{"start":{"line":15,"column":19},"end":{"line":22,"column":3}},"6":{"start":{"line":16,"column":16},"end":{"line":16,"column":51}},"7":{"start":{"line":17,"column":4},"end":{"line":21,"column":5}},"8":{"start":{"line":19,"column":8},"end":{"line":19,"column":68}},"9":{"start":{"line":20,"column":6},"end":{"line":20,"column":53}},"10":{"start":{"line":20,"column":37},"end":{"line":20,"column":50}},"11":{"start":{"line":23,"column":19},"end":{"line":34,"column":3}},"12":{"start":{"line":24,"column":16},"end":{"line":24,"column":32}},"13":{"start":{"line":25,"column":16},"end":{"line":25,"column":90}},"14":{"start":{"line":32,"column":4},"end":{"line":32,"column":20}},"15":{"start":{"line":33,"column":4},"end":{"line":33,"column":60}},"16":{"start":{"line":35,"column":34},"end":{"line":35,"column":48}},"17":{"start":{"line":36,"column":36},"end":{"line":36,"column":51}},"18":{"start":{"line":37,"column":17},"end":{"line":40,"column":3}},"19":{"start":{"line":38,"column":4},"end":{"line":38,"column":23}},"20":{"start":{"line":39,"column":4},"end":{"line":39,"column":22}},"21":{"start":{"line":41,"column":2},"end":{"line":72,"column":4}},"22":{"start":{"line":59,"column":12},"end":{"line":67,"column":14}}},"fnMap":{"0":{"name":"StarList","decl":{"start":{"line":11,"column":9},"end":{"line":11,"column":17}},"loc":{"start":{"line":11,"column":20},"end":{"line":73,"column":1}},"line":11},"1":{"name":"(anonymous_1)","decl":{"start":{"line":12,"column":26},"end":{"line":12,"column":27}},"loc":{"start":{"line":12,"column":37},"end":{"line":12,"column":59}},"line":12},"2":{"name":"(anonymous_2)","decl":{"start":{"line":14,"column":28},"end":{"line":14,"column":29}},"loc":{"start":{"line":14,"column":39},"end":{"line":14,"column":56}},"line":14},"3":{"name":"(anonymous_3)","decl":{"start":{"line":15,"column":19},"end":{"line":15,"column":20}},"loc":{"start":{"line":15,"column":36},"end":{"line":22,"column":3}},"line":15},"4":{"name":"(anonymous_4)","decl":{"start":{"line":20,"column":30},"end":{"line":20,"column":31}},"loc":{"start":{"line":20,"column":37},"end":{"line":20,"column":50}},"line":20},"5":{"name":"(anonymous_5)","decl":{"start":{"line":23,"column":19},"end":{"line":23,"column":20}},"loc":{"start":{"line":23,"column":38},"end":{"line":34,"column":3}},"line":23},"6":{"name":"(anonymous_6)","decl":{"start":{"line":37,"column":17},"end":{"line":37,"column":18}},"loc":{"start":{"line":37,"column":30},"end":{"line":40,"column":3}},"line":37},"7":{"name":"(anonymous_7)","decl":{"start":{"line":58,"column":21},"end":{"line":58,"column":22}},"loc":{"start":{"line":58,"column":30},"end":{"line":68,"column":11}},"line":58}},"branchMap":{"0":{"loc":{"start":{"line":17,"column":4},"end":{"line":21,"column":5}},"type":"if","locations":[{"start":{"line":17,"column":4},"end":{"line":21,"column":5}},{"start":{},"end":{}}],"line":17}},"s":{"0":6,"1":6,"2":6,"3":6,"4":6,"5":6,"6":2,"7":0,"8":0,"9":0,"10":0,"11":6,"12":1,"13":1,"14":1,"15":1,"16":6,"17":6,"18":6,"19":2,"20":2,"21":6,"22":5},"f":{"0":6,"1":6,"2":6,"3":2,"4":0,"5":1,"6":2,"7":5},"b":{"0":[0,0]},"_coverageSchema":"1a1c01bbd47fc00a2c39e90264f33305004495a9","hash":"d76332e97cd3e0b0b90d3232d30271d2d95c76f2"}
,"C:\\Users\\Gintautas\\Desktop\\Bakis\\frontend\\src\\StarList\\StarRow.js": {"path":"C:\\Users\\Gintautas\\Desktop\\Bakis\\frontend\\src\\StarList\\StarRow.js","statementMap":{"0":{"start":{"line":7,"column":15},"end":{"line":7,"column":25}},"1":{"start":{"line":8,"column":19},"end":{"line":8,"column":33}},"2":{"start":{"line":9,"column":2},"end":{"line":70,"column":4}},"3":{"start":{"line":27,"column":16},"end":{"line":27,"column":46}},"4":{"start":{"line":42,"column":16},"end":{"line":42,"column":40}},"5":{"start":{"line":52,"column":16},"end":{"line":52,"column":38}},"6":{"start":{"line":63,"column":16},"end":{"line":63,"column":43}}},"fnMap":{"0":{"name":"StarRow","decl":{"start":{"line":6,"column":9},"end":{"line":6,"column":16}},"loc":{"start":{"line":6,"column":24},"end":{"line":71,"column":1}},"line":6},"1":{"name":"(anonymous_1)","decl":{"start":{"line":26,"column":23},"end":{"line":26,"column":24}},"loc":{"start":{"line":26,"column":30},"end":{"line":28,"column":15}},"line":26},"2":{"name":"(anonymous_2)","decl":{"start":{"line":41,"column":23},"end":{"line":41,"column":24}},"loc":{"start":{"line":41,"column":30},"end":{"line":43,"column":15}},"line":41},"3":{"name":"(anonymous_3)","decl":{"start":{"line":51,"column":23},"end":{"line":51,"column":24}},"loc":{"start":{"line":51,"column":30},"end":{"line":53,"column":15}},"line":51},"4":{"name":"(anonymous_4)","decl":{"start":{"line":62,"column":23},"end":{"line":62,"column":24}},"loc":{"start":{"line":62,"column":30},"end":{"line":64,"column":15}},"line":62}},"branchMap":{"0":{"loc":{"start":{"line":11,"column":7},"end":{"line":68,"column":7}},"type":"cond-expr","locations":[{"start":{"line":12,"column":8},"end":{"line":31,"column":13}},{"start":{"line":33,"column":8},"end":{"line":67,"column":13}}],"line":11}},"s":{"0":42,"1":42,"2":42,"3":2,"4":1,"5":2,"6":2},"f":{"0":42,"1":2,"2":1,"3":2,"4":2},"b":{"0":[37,5]},"_coverageSchema":"1a1c01bbd47fc00a2c39e90264f33305004495a9","hash":"2d8ef4c155f943baee64ae8772d46f676f008240"}
}
