TN:
SF:src\API.js
FN:11,(anonymous_0)
FN:19,(anonymous_1)
FN:27,(anonymous_2)
FN:32,(anonymous_3)
FN:34,(anonymous_4)
FN:47,(anonymous_5)
FN:48,(anonymous_6)
FN:66,(anonymous_7)
FN:82,(anonymous_8)
FN:87,(anonymous_9)
FN:113,(anonymous_10)
FN:138,(anonymous_11)
FN:148,(anonymous_12)
FNF:13
FNH:13
FNDA:8,(anonymous_0)
FNDA:1,(anonymous_1)
FNDA:2,(anonymous_2)
FNDA:2,(anonymous_3)
FNDA:4,(anonymous_4)
FNDA:2,(anonymous_5)
FNDA:5,(anonymous_6)
FNDA:1,(anonymous_7)
FNDA:2,(anonymous_8)
FNDA:2,(anonymous_9)
FNDA:1,(anonymous_10)
FNDA:9,(anonymous_11)
FNDA:11,(anonymous_12)
DA:9,4
DA:11,4
DA:12,8
DA:16,1
DA:19,4
DA:20,1
DA:24,1
DA:27,4
DA:28,2
DA:29,2
DA:32,4
DA:33,2
DA:35,4
DA:41,4
DA:44,2
DA:47,4
DA:48,5
DA:49,2
DA:54,1
DA:55,1
DA:63,1
DA:66,4
DA:73,1
DA:78,1
DA:79,1
DA:82,4
DA:83,2
DA:84,1
DA:87,4
DA:94,2
DA:100,1
DA:101,1
DA:110,1
DA:113,4
DA:121,1
DA:127,1
DA:138,4
DA:139,9
DA:140,7
DA:141,5
DA:142,5
DA:143,2
DA:144,2
DA:148,4
DA:149,11
DA:150,11
LF:46
LH:46
BRDA:140,0,0,5
BRDA:140,0,1,2
BRDA:143,1,0,2
BRDA:143,1,1,0
BRF:4
BRH:3
end_of_record
TN:
SF:src\App.js
FN:14,(anonymous_0)
FN:20,App
FN:22,(anonymous_2)
FN:23,(anonymous_3)
FNF:4
FNH:4
FNDA:7,(anonymous_0)
FNDA:8,App
FNDA:7,(anonymous_2)
FNDA:7,(anonymous_3)
DA:14,3
DA:15,7
DA:16,0
DA:17,0
DA:21,8
DA:22,7
DA:23,7
DA:24,7
DA:26,7
LF:9
LH:7
BRF:0
BRH:0
end_of_record
TN:
SF:src\Menu.js
FN:18,Menu
FN:19,(anonymous_1)
FN:21,(anonymous_2)
FN:22,(anonymous_3)
FN:23,(anonymous_4)
FN:24,(anonymous_5)
FN:25,(anonymous_6)
FN:28,(anonymous_7)
FN:32,(anonymous_8)
FN:35,(anonymous_9)
FN:38,(anonymous_10)
FN:41,(anonymous_11)
FN:45,(anonymous_12)
FN:47,(anonymous_13)
FN:49,(anonymous_14)
FN:50,(anonymous_15)
FN:52,(anonymous_16)
FN:56,(anonymous_17)
FN:60,(anonymous_18)
FNF:19
FNH:15
FNDA:8,Menu
FNDA:8,(anonymous_1)
FNDA:8,(anonymous_2)
FNDA:8,(anonymous_3)
FNDA:8,(anonymous_4)
FNDA:8,(anonymous_5)
FNDA:8,(anonymous_6)
FNDA:2,(anonymous_7)
FNDA:1,(anonymous_8)
FNDA:1,(anonymous_9)
FNDA:1,(anonymous_10)
FNDA:0,(anonymous_11)
FNDA:8,(anonymous_12)
FNDA:8,(anonymous_13)
FNDA:8,(anonymous_14)
FNDA:8,(anonymous_15)
FNDA:0,(anonymous_16)
FNDA:0,(anonymous_17)
FNDA:0,(anonymous_18)
DA:19,8
DA:21,8
DA:22,8
DA:23,8
DA:24,8
DA:25,8
DA:27,8
DA:28,8
DA:29,2
DA:32,8
DA:33,1
DA:35,8
DA:36,1
DA:38,8
DA:39,1
DA:41,8
DA:42,0
DA:45,8
DA:46,8
DA:47,8
DA:49,8
DA:50,8
DA:52,8
DA:53,0
DA:56,8
DA:57,0
DA:60,8
DA:61,0
DA:64,8
LF:29
LH:25
BRDA:81,0,0,0
BRDA:81,0,1,8
BRDA:97,1,0,0
BRDA:97,1,1,0
BRDA:102,2,0,0
BRDA:102,2,1,0
BRDA:160,3,0,0
BRDA:160,3,1,8
BRF:8
BRH:2
end_of_record
TN:
SF:src\StarMap.js
FN:6,(anonymous_0)
FN:15,(anonymous_1)
FN:23,(anonymous_2)
FN:33,(anonymous_3)
FN:53,(anonymous_4)
FNF:5
FNH:5
FNDA:38,(anonymous_0)
FNDA:4,(anonymous_1)
FNDA:34,(anonymous_2)
FNDA:10,(anonymous_3)
FNDA:34,(anonymous_4)
DA:6,3
DA:7,38
DA:9,38
DA:10,37
DA:11,37
DA:12,37
DA:13,37
DA:15,37
DA:16,4
DA:17,4
DA:18,4
DA:19,4
DA:23,37
DA:24,34
DA:25,34
DA:27,34
DA:29,34
DA:30,34
DA:33,37
DA:34,10
DA:35,10
DA:36,10
DA:37,10
DA:38,10
DA:39,10
DA:41,10
DA:43,10
DA:45,10
DA:51,37
DA:54,34
DA:55,34
LF:31
LH:31
BRDA:41,0,0,0
BRDA:41,0,1,10
BRF:2
BRH:1
end_of_record
TN:
SF:src\utils.js
FN:3,(anonymous_0)
FN:17,(anonymous_1)
FN:23,(anonymous_2)
FN:24,(anonymous_3)
FN:26,(anonymous_4)
FN:35,(anonymous_5)
FN:43,(anonymous_6)
FN:45,(anonymous_7)
FN:58,(anonymous_8)
FN:68,(anonymous_9)
FN:70,(anonymous_10)
FN:71,(anonymous_11)
FN:72,(anonymous_12)
FN:73,(anonymous_13)
FN:89,(anonymous_14)
FN:94,(anonymous_15)
FNF:16
FNH:16
FNDA:71,(anonymous_0)
FNDA:69,(anonymous_1)
FNDA:15,(anonymous_2)
FNDA:66,(anonymous_3)
FNDA:6,(anonymous_4)
FNDA:23,(anonymous_5)
FNDA:9,(anonymous_6)
FNDA:11,(anonymous_7)
FNDA:23,(anonymous_8)
FNDA:39,(anonymous_9)
FNDA:42,(anonymous_10)
FNDA:42,(anonymous_11)
FNDA:42,(anonymous_12)
FNDA:23,(anonymous_13)
FNDA:3,(anonymous_14)
FNDA:2,(anonymous_15)
DA:3,5
DA:4,71
DA:5,71
DA:6,71
DA:7,71
DA:17,5
DA:18,69
DA:19,69
DA:20,69
DA:23,15
DA:24,66
DA:26,5
DA:27,6
DA:28,6
DA:29,6
DA:30,6
DA:31,6
DA:32,6
DA:35,5
DA:36,23
DA:37,23
DA:38,23
DA:39,23
DA:40,23
DA:43,5
DA:44,9
DA:45,9
DA:46,11
DA:47,11
DA:51,11
DA:53,9
DA:54,9
DA:55,9
DA:58,5
DA:59,23
DA:65,23
DA:68,5
DA:69,39
DA:70,42
DA:71,42
DA:72,42
DA:73,23
DA:74,39
DA:89,5
DA:90,3
DA:91,3
DA:94,5
DA:95,2
DA:96,2
DA:97,2
DA:98,2
DA:99,2
DA:100,2
DA:101,2
DA:102,2
DA:103,2
DA:104,2
DA:105,2
DA:107,2
LF:59
LH:59
BRDA:26,0,0,1
BRDA:71,1,0,42
BRDA:71,1,1,23
BRDA:105,2,0,1
BRDA:105,2,1,1
BRF:5
BRH:5
end_of_record
TN:
SF:src\AdminPage\AdjustComponent.js
FN:13,AdjustComponent
FN:14,(anonymous_1)
FN:16,handleAmountChange
FN:20,handleSubmit
FN:31,(anonymous_4)
FN:44,(anonymous_5)
FN:67,(anonymous_6)
FN:80,(anonymous_7)
FNF:8
FNH:7
FNDA:1,AdjustComponent
FNDA:1,(anonymous_1)
FNDA:0,handleAmountChange
FNDA:4,handleSubmit
FNDA:1,(anonymous_4)
FNDA:1,(anonymous_5)
FNDA:1,(anonymous_6)
FNDA:1,(anonymous_7)
DA:14,1
DA:15,1
DA:17,0
DA:21,4
DA:24,1
DA:31,1
DA:44,1
DA:67,1
DA:80,1
LF:9
LH:8
BRF:0
BRH:0
end_of_record
TN:
SF:src\AdminPage\AdminPage.js
FN:10,AdminPage
FN:13,(anonymous_1)
FN:15,(anonymous_2)
FN:20,(anonymous_3)
FN:29,(anonymous_4)
FNF:5
FNH:4
FNDA:1,AdminPage
FNDA:1,(anonymous_1)
FNDA:0,(anonymous_2)
FNDA:1,(anonymous_3)
FNDA:1,(anonymous_4)
DA:11,1
DA:13,1
DA:15,1
DA:16,0
DA:17,0
DA:20,1
DA:21,1
DA:29,1
DA:30,1
DA:39,1
LF:10
LH:8
BRF:0
BRH:0
end_of_record
TN:
SF:src\AdminPage\ItemComponetn.js
FN:1,ItemComponetn
FN:13,(anonymous_1)
FN:25,(anonymous_2)
FNF:3
FNH:2
FNDA:10,ItemComponetn
FNDA:1,(anonymous_1)
FNDA:0,(anonymous_2)
DA:2,10
DA:13,1
DA:25,0
LF:3
LH:2
BRDA:19,0,0,4
BRDA:19,0,1,6
BRF:2
BRH:2
end_of_record
TN:
SF:src\AdminPage\ListComponent.js
FN:21,ListComponent
FN:22,(anonymous_1)
FN:24,(anonymous_2)
FN:26,(anonymous_3)
FN:27,(anonymous_4)
FN:28,(anonymous_5)
FN:31,handleOnDragEnd
FN:40,handleAdd
FN:43,handleEdit
FN:47,handleDelete
FN:51,handleUpload
FN:54,handle_movement_type
FN:57,handle_rpm
FN:60,handle_wait
FN:63,handle_laser
FN:71,(anonymous_15)
FN:73,(anonymous_16)
FN:80,(anonymous_17)
FNF:18
FNH:16
FNDA:1,ListComponent
FNDA:1,(anonymous_1)
FNDA:1,(anonymous_2)
FNDA:1,(anonymous_3)
FNDA:1,(anonymous_4)
FNDA:1,(anonymous_5)
FNDA:0,handleOnDragEnd
FNDA:4,handleAdd
FNDA:1,handleEdit
FNDA:0,handleDelete
FNDA:1,handleUpload
FNDA:1,handle_movement_type
FNDA:1,handle_rpm
FNDA:1,handle_wait
FNDA:1,handle_laser
FNDA:1,(anonymous_15)
FNDA:1,(anonymous_16)
FNDA:1,(anonymous_17)
DA:22,1
DA:23,1
DA:24,1
DA:26,1
DA:27,1
DA:28,1
DA:29,1
DA:32,0
DA:33,0
DA:41,4
DA:44,1
DA:45,1
DA:48,0
DA:52,1
DA:55,1
DA:58,1
DA:61,1
DA:64,1
DA:66,1
DA:72,1
DA:74,1
DA:81,1
LF:22
LH:19
BRDA:32,0,0,0
BRDA:32,0,1,0
BRF:2
BRH:0
end_of_record
TN:
SF:src\AdminPage\RowComponent.js
FN:5,RowComponent
FN:72,(anonymous_1)
FNF:2
FNH:1
FNDA:2,RowComponent
FNDA:0,(anonymous_1)
DA:6,2
DA:7,2
DA:72,0
LF:3
LH:2
BRDA:9,0,0,2
BRDA:9,0,1,0
BRDA:9,1,0,2
BRDA:9,1,1,1
BRDA:22,2,0,2
BRDA:22,2,1,0
BRDA:22,3,0,2
BRDA:22,3,1,1
BRDA:43,4,0,1
BRDA:43,4,1,1
BRDA:55,5,0,1
BRDA:55,5,1,1
BRDA:67,6,0,1
BRDA:67,6,1,1
BRDA:79,7,0,1
BRDA:79,7,1,1
BRDA:79,8,0,2
BRDA:79,8,1,2
BRDA:91,9,0,1
BRDA:91,9,1,1
BRDA:91,10,0,2
BRDA:91,10,1,2
BRF:22
BRH:20
end_of_record
TN:
SF:src\ConstellationList\AddConstellation.js
FN:12,AddConstellation
FN:13,(anonymous_1)
FN:17,(anonymous_2)
FN:20,(anonymous_3)
FN:23,(anonymous_4)
FN:34,(anonymous_5)
FN:37,(anonymous_6)
FN:40,(anonymous_7)
FN:44,(anonymous_8)
FN:48,(anonymous_9)
FN:53,(anonymous_10)
FN:63,(anonymous_11)
FN:64,(anonymous_12)
FN:101,(anonymous_13)
FN:119,(anonymous_14)
FN:121,(anonymous_15)
FN:128,(anonymous_16)
FNF:17
FNH:16
FNDA:21,AddConstellation
FNDA:17,(anonymous_1)
FNDA:2,(anonymous_2)
FNDA:1,(anonymous_3)
FNDA:1,(anonymous_4)
FNDA:1,(anonymous_5)
FNDA:1,(anonymous_6)
FNDA:4,(anonymous_7)
FNDA:6,(anonymous_8)
FNDA:1,(anonymous_9)
FNDA:0,(anonymous_10)
FNDA:1,(anonymous_11)
FNDA:4,(anonymous_12)
FNDA:5,(anonymous_13)
FNDA:11,(anonymous_14)
FNDA:13,(anonymous_15)
FNDA:13,(anonymous_16)
DA:13,21
DA:15,20
DA:16,20
DA:17,20
DA:18,2
DA:20,20
DA:21,1
DA:23,20
DA:24,1
DA:25,0
DA:26,0
DA:27,0
DA:28,0
DA:31,20
DA:32,20
DA:33,20
DA:34,20
DA:35,1
DA:37,20
DA:38,1
DA:40,20
DA:41,4
DA:42,4
DA:44,6
DA:45,4
DA:46,4
DA:48,20
DA:49,1
DA:50,1
DA:51,1
DA:53,20
DA:54,0
DA:55,0
DA:56,0
DA:57,0
DA:58,0
DA:59,0
DA:60,0
DA:63,20
DA:64,4
DA:65,1
DA:67,20
DA:101,5
DA:120,11
DA:122,13
DA:129,13
LF:46
LH:35
BRDA:44,0,0,1
BRDA:44,0,1,3
BRDA:55,1,0,0
BRDA:55,1,1,0
BRF:4
BRH:2
end_of_record
TN:
SF:src\ConstellationList\ConstellationList.js
FN:11,ConstellationList
FN:13,(anonymous_1)
FN:15,(anonymous_2)
FN:17,(anonymous_3)
FN:21,(anonymous_4)
FN:24,(anonymous_5)
FN:27,(anonymous_6)
FN:29,(anonymous_7)
FN:32,(anonymous_8)
FN:54,(anonymous_9)
FN:78,(anonymous_10)
FNF:11
FNH:9
FNDA:10,ConstellationList
FNDA:9,(anonymous_1)
FNDA:9,(anonymous_2)
FNDA:1,(anonymous_3)
FNDA:9,(anonymous_4)
FNDA:9,(anonymous_5)
FNDA:9,(anonymous_6)
FNDA:0,(anonymous_7)
FNDA:0,(anonymous_8)
FNDA:2,(anonymous_9)
FNDA:5,(anonymous_10)
DA:12,10
DA:13,9
DA:14,9
DA:15,9
DA:17,9
DA:18,1
DA:20,9
DA:21,9
DA:23,9
DA:24,9
DA:26,9
DA:27,9
DA:29,9
DA:30,0
DA:31,0
DA:32,0
DA:33,0
DA:34,0
DA:41,0
DA:42,0
DA:50,0
DA:52,9
DA:53,9
DA:54,9
DA:55,2
DA:56,2
DA:58,9
DA:79,5
LF:28
LH:20
BRF:0
BRH:0
end_of_record
TN:
SF:src\ConstellationList\ConstellationRow.js
FN:5,ConstellationRow
FN:15,(anonymous_1)
FN:25,(anonymous_2)
FN:36,(anonymous_3)
FNF:4
FNH:3
FNDA:5,ConstellationRow
FNDA:0,(anonymous_1)
FNDA:2,(anonymous_2)
FNDA:1,(anonymous_3)
DA:6,5
DA:7,5
DA:16,0
DA:26,2
DA:37,1
LF:5
LH:4
BRF:0
BRH:0
end_of_record
TN:
SF:src\ConstellationList\EditConstellation.js
FN:12,EditConstellation
FN:17,(anonymous_1)
FN:20,(anonymous_2)
FN:23,(anonymous_3)
FN:29,(anonymous_4)
FN:38,(anonymous_5)
FN:43,(anonymous_6)
FN:44,(anonymous_7)
FN:51,(anonymous_8)
FN:54,(anonymous_9)
FN:57,(anonymous_10)
FN:61,(anonymous_11)
FN:65,(anonymous_12)
FN:66,(anonymous_13)
FN:67,(anonymous_14)
FN:74,(anonymous_15)
FN:84,(anonymous_16)
FN:85,(anonymous_17)
FN:117,(anonymous_18)
FN:135,(anonymous_19)
FN:137,(anonymous_20)
FN:144,(anonymous_21)
FNF:22
FNH:19
FNDA:18,EditConstellation
FNDA:15,(anonymous_1)
FNDA:1,(anonymous_2)
FNDA:0,(anonymous_3)
FNDA:0,(anonymous_4)
FNDA:6,(anonymous_5)
FNDA:1,(anonymous_6)
FNDA:1,(anonymous_7)
FNDA:1,(anonymous_8)
FNDA:1,(anonymous_9)
FNDA:4,(anonymous_10)
FNDA:10,(anonymous_11)
FNDA:1,(anonymous_12)
FNDA:1,(anonymous_13)
FNDA:1,(anonymous_14)
FNDA:0,(anonymous_15)
FNDA:1,(anonymous_16)
FNDA:5,(anonymous_17)
FNDA:15,(anonymous_18)
FNDA:12,(anonymous_19)
FNDA:24,(anonymous_20)
FNDA:24,(anonymous_21)
DA:13,18
DA:14,18
DA:15,18
DA:17,18
DA:19,18
DA:20,18
DA:21,1
DA:23,18
DA:24,0
DA:29,0
DA:31,0
DA:34,18
DA:35,18
DA:36,18
DA:38,18
DA:39,6
DA:40,1
DA:41,1
DA:42,1
DA:43,1
DA:44,1
DA:47,1
DA:51,18
DA:52,1
DA:54,18
DA:55,1
DA:57,18
DA:58,4
DA:59,4
DA:61,10
DA:62,4
DA:63,4
DA:65,18
DA:66,1
DA:67,1
DA:70,1
DA:71,1
DA:72,1
DA:74,18
DA:75,0
DA:76,0
DA:77,0
DA:78,0
DA:79,0
DA:80,0
DA:81,0
DA:84,18
DA:85,5
DA:86,1
DA:88,18
DA:117,15
DA:136,12
DA:138,24
DA:145,24
LF:54
LH:44
BRDA:39,0,0,1
BRDA:39,0,1,5
BRDA:61,1,0,0
BRDA:61,1,1,4
BRDA:76,2,0,0
BRDA:76,2,1,0
BRDA:92,3,0,12
BRDA:92,3,1,6
BRF:8
BRH:5
end_of_record
TN:
SF:src\StarList\AddStar.js
FN:8,AddStar
FN:11,(anonymous_1)
FN:14,(anonymous_2)
FN:17,(anonymous_3)
FN:26,(anonymous_4)
FN:29,(anonymous_5)
FN:32,(anonymous_6)
FN:36,(anonymous_7)
FNF:8
FNH:8
FNDA:12,AddStar
FNDA:2,(anonymous_1)
FNDA:1,(anonymous_2)
FNDA:1,(anonymous_3)
FNDA:1,(anonymous_4)
FNDA:1,(anonymous_5)
FNDA:1,(anonymous_6)
FNDA:1,(anonymous_7)
DA:9,12
DA:10,12
DA:11,12
DA:12,2
DA:14,12
DA:15,1
DA:17,12
DA:18,1
DA:19,0
DA:22,12
DA:23,12
DA:24,12
DA:25,12
DA:26,12
DA:27,1
DA:29,12
DA:30,1
DA:32,12
DA:33,1
DA:34,1
DA:36,12
DA:37,1
DA:38,1
DA:39,1
DA:40,1
DA:42,12
LF:26
LH:25
BRF:0
BRH:0
end_of_record
TN:
SF:src\StarList\EditStar.js
FN:8,EditStar
FN:13,(anonymous_1)
FN:16,(anonymous_2)
FN:27,(anonymous_3)
FN:39,(anonymous_4)
FN:46,(anonymous_5)
FN:49,(anonymous_6)
FN:52,(anonymous_7)
FNF:8
FNH:7
FNDA:14,EditStar
FNDA:1,(anonymous_1)
FNDA:0,(anonymous_2)
FNDA:1,(anonymous_3)
FNDA:4,(anonymous_4)
FNDA:1,(anonymous_5)
FNDA:1,(anonymous_6)
FNDA:1,(anonymous_7)
DA:9,14
DA:10,14
DA:11,14
DA:12,14
DA:13,14
DA:14,1
DA:16,14
DA:17,0
DA:25,0
DA:27,14
DA:28,1
DA:29,1
DA:30,1
DA:31,1
DA:34,14
DA:35,14
DA:36,14
DA:37,14
DA:39,14
DA:40,4
DA:41,4
DA:42,4
DA:43,4
DA:46,14
DA:47,1
DA:49,14
DA:50,1
DA:52,14
DA:53,1
DA:54,1
DA:56,14
LF:31
LH:29
BRDA:40,0,0,1
BRDA:40,0,1,3
BRDA:41,1,0,1
BRDA:41,1,1,3
BRDA:42,2,0,1
BRDA:42,2,1,3
BRDA:43,3,0,1
BRDA:43,3,1,3
BRDA:47,4,0,1
BRDA:47,4,1,0
BRDA:59,5,0,8
BRDA:59,5,1,6
BRF:12
BRH:11
end_of_record
TN:
SF:src\StarList\StarList.js
FN:11,StarList
FN:12,(anonymous_1)
FN:14,(anonymous_2)
FN:15,(anonymous_3)
FN:20,(anonymous_4)
FN:23,(anonymous_5)
FN:37,(anonymous_6)
FN:58,(anonymous_7)
FNF:8
FNH:7
FNDA:6,StarList
FNDA:6,(anonymous_1)
FNDA:6,(anonymous_2)
FNDA:2,(anonymous_3)
FNDA:0,(anonymous_4)
FNDA:1,(anonymous_5)
FNDA:2,(anonymous_6)
FNDA:5,(anonymous_7)
DA:12,6
DA:13,6
DA:14,6
DA:15,6
DA:16,2
DA:17,0
DA:19,0
DA:20,0
DA:23,6
DA:24,1
DA:25,1
DA:32,1
DA:33,1
DA:35,6
DA:36,6
DA:37,6
DA:38,2
DA:39,2
DA:41,6
DA:59,5
LF:20
LH:17
BRDA:17,0,0,0
BRDA:17,0,1,0
BRF:2
BRH:0
end_of_record
TN:
SF:src\StarList\StarRow.js
FN:6,StarRow
FN:26,(anonymous_1)
FN:41,(anonymous_2)
FN:51,(anonymous_3)
FN:62,(anonymous_4)
FNF:5
FNH:5
FNDA:42,StarRow
FNDA:2,(anonymous_1)
FNDA:1,(anonymous_2)
FNDA:2,(anonymous_3)
FNDA:2,(anonymous_4)
DA:7,42
DA:8,42
DA:9,42
DA:27,2
DA:42,1
DA:52,2
DA:63,2
LF:7
LH:7
BRDA:11,0,0,37
BRDA:11,0,1,5
BRF:2
BRH:2
end_of_record
